Log file open, 11/04/14 21:18:37
LogInit:Display: Running engine for game: VisualStory
LogInit: Version: 4.5.1-2336687+++depot+UE4-Releases+4.5
LogInit: API Version: 2326478
LogInit: Compiled (64-bit): Oct 21 2014 22:32:40
LogInit: Compiled with Visual C++: 18.00.21005.01
LogInit: Build Configuration: Development
LogInit: Branch Name: ++depot+UE4-Releases+4.5
LogInit: Command line:  
LogInit: Base directory: C:/Program Files/Unreal Engine/4.5/Engine/Binaries/Win64/
LogInit: Rocket: 1
[2014.11.04-21.18.37:523][  0]LogTaskGraph: Started task graph with 3 named threads and 4 total threads.
[2014.11.04-21.18.37:560][  0]LogOnline:Warning: No default platform service specified for OnlineSubsystem
[2014.11.04-21.18.37:594][  0]LogInit: Presizing for 0 objects not considered by GC, pre-allocating 0 bytes.
[2014.11.04-21.18.37:604][  0]LogInit: Object subsystem initialized
[2014.11.04-21.18.37:607][  0]LogConsoleResponse:Warning: Skipping Unknown console variable: 'UIScaleRule = ShortestSide'
[2014.11.04-21.18.37:607][  0]LogConsoleResponse:Warning:   Found in ini file 'D:/Unreal Engine Projects/VisualNovel/Saved/Config/Windows/Engine.ini', in section '[/Script/Engine.RendererSettings]'
[2014.11.04-21.18.37:607][  0]LogConsoleResponse:Warning: Skipping Unknown console variable: 'UIScaleCurve = (EditorCurveData=(Keys=((Time=480.000000,Value=0.444000),(Time=720.000000,Value=0.666000),(Time=1080.000000,Value=1.000000),(Time=8640.000000,Value=8.000000))),ExternalCurve=None)'
[2014.11.04-21.18.37:607][  0]LogConsoleResponse:Warning:   Found in ini file 'D:/Unreal Engine Projects/VisualNovel/Saved/Config/Windows/Engine.ini', in section '[/Script/Engine.RendererSettings]'
[2014.11.04-21.18.37:607][  0]LogInit: Selected Device Profile: [Windows]
[2014.11.04-21.18.37:607][  0]LogInit: Applying CVar settings loaded from the selected device profile: [Windows]
[2014.11.04-21.18.37:620][  0]LogInit: Computer: ALEXANDRIA
[2014.11.04-21.18.37:620][  0]LogInit: User: Master
[2014.11.04-21.18.37:621][  0]LogInit: CPU Page size=4096, Cores=4
[2014.11.04-21.18.37:621][  0]LogInit: High frequency timer resolution =3.428036 MHz
[2014.11.04-21.18.37:621][  0]LogMemory: Memory total: Physical=3.9GB (4GB approx) Virtual=8192.0GB
[2014.11.04-21.18.37:621][  0]LogMemory: Platform Memory Stats for Windows
[2014.11.04-21.18.37:621][  0]LogMemory: Process Physical Memory: 63.90 MB used, 64.02 MB peak
[2014.11.04-21.18.37:621][  0]LogMemory: Process Virtual Memory: 38.35 MB used, 38.48 MB peak
[2014.11.04-21.18.37:621][  0]LogMemory: Physical Memory: 2071.49 MB used, 4043.52 MB total
[2014.11.04-21.18.37:621][  0]LogMemory: Virtual Memory: 279.16 MB used, 8388608.00 MB total
[2014.11.04-21.18.37:675][  0]LogD3D11RHI: Found D3D11 adapter 0: NVIDIA GeForce GTX 660   (Feature Level 11_0)
[2014.11.04-21.18.37:675][  0]LogD3D11RHI: Adapter has 1989MB of dedicated video memory, 0MB of dedicated system memory, and 1765MB of shared system memory, 2 output[s]
[2014.11.04-21.18.37:676][  0]LogD3D11RHI: Found D3D11 adapter 1: Microsoft Basic Render Driver (Feature Level 11_0)
[2014.11.04-21.18.37:676][  0]LogD3D11RHI: Adapter has 0MB of dedicated video memory, 0MB of dedicated system memory, and 256MB of shared system memory, 0 output[s]
[2014.11.04-21.18.37:676][  0]LogD3D11RHI: Chosen D3D11 Adapter Id = 0
[2014.11.04-21.18.37:680][  0]LogRHI: Texture pool is 1361 MB (70% of 1945 MB)
[2014.11.04-21.18.37:686][  0]LogD3D11RHI: Async texture creation enabled
[2014.11.04-21.18.38:044][  0]LogTextLocalizationManager: The requested culture ('en_GB') has no localization data; parent culture's ('en') localization data will be used.
[2014.11.04-21.18.38:150][  0]LogContentStreaming: Texture pool size is 0.000000MB
[2014.11.04-21.18.41:813][  0]LogTargetPlatformManager:Display: Building Assets For Windows
[2014.11.04-21.18.42:150][  0]LogTargetPlatformManager:Display: Building Assets For Windows
[2014.11.04-21.18.42:189][  0]LogDerivedDataCache:Display: Max Cache Size: 512 MB
[2014.11.04-21.18.42:225][  0]LogDerivedDataCache: Loaded boot cache 0.04s 39MB C:/Users/Master/AppData/Local/UnrealEngine/4.5/DerivedDataCache/Boot.ddc.
[2014.11.04-21.18.42:225][  0]LogDerivedDataCache:Display: Loaded Boot cache: C:/Users/Master/AppData/Local/UnrealEngine/4.5/DerivedDataCache/Boot.ddc
[2014.11.04-21.18.42:225][  0]LogDerivedDataCache: FDerivedDataBackendGraph:  Pak pak cache file D:/Unreal Engine Projects/VisualNovel/DerivedDataCache/DDC.ddp not found, will not use a pak cache.
[2014.11.04-21.18.42:225][  0]LogDerivedDataCache: Unable to find inner node Pak for hierarchical cache Hierarchy.
[2014.11.04-21.18.42:279][  0]LogDerivedDataCache:Display: Pak cache opened for reading ../../../Engine/DerivedDataCache/DDC.ddp.
[2014.11.04-21.18.42:291][  0]LogDerivedDataCache: Using Local data cache path C:/Users/Master/AppData/Local/UnrealEngine/Common/DerivedDataCache: Writable
[2014.11.04-21.18.42:430][  0]LogMeshUtilities: No automatic mesh reduction module available
[2014.11.04-21.18.42:430][  0]LogMeshUtilities: No automatic mesh merging module available
[2014.11.04-21.18.42:620][  0]LogLinker:Warning: Asset '../../../Engine/Content/Functions/Engine_MaterialFunctions02/Texturing/FlipBook.uasset' has been saved with empty engine version. The asset will be loaded but may be incompatible.
[2014.11.04-21.18.42:622][  0]LogLinker:Warning: Asset '../../../Engine/Content/Functions/Engine_MaterialFunctions02/ExampleContent/Textures/flipbook.uasset' has been saved with empty engine version. The asset will be loaded but may be incompatible.
[2014.11.04-21.18.42:761][  0]LogInit: WinSock: version 1.1 (2.2), MaxSocks=32767, MaxUdp=65467
[2014.11.04-21.18.43:368][  0]UdpMessaging: Initializing bridge on interface 0.0.0.0:0 to multicast group 230.0.0.1:6666.
[2014.11.04-21.18.43:511][  0]LogDirectoryWatcher:Warning: Failed to begin reading directory changes for D:/Unreal Engine Projects/VisualNovel/Binaries/Win64. Error: 0
[2014.11.04-21.18.43:604][  0]SourceControl: Info Source control is disabled
[2014.11.04-21.18.43:604][  0]SourceControl: Info Source control is disabled
[2014.11.04-21.18.43:608][  0]SourceControl: Info Source control is disabled
[2014.11.04-21.18.43:685][  0]LogObj: 22915 objects as part of root set at end of initial load.
[2014.11.04-21.18.43:685][  0]LogUObjectAllocator: 4803536 out of 0 bytes used by permanent object pool.
[2014.11.04-21.18.43:733][  0]LogEngine: Initializing Engine...
[2014.11.04-21.18.43:845][  0]LogInit: XAudio2 using 'Speakers (2- High Definition Audio Device)' : 6 channels at 44.1 kHz using 16 bits per sample (channel mask 0x60f)
[2014.11.04-21.18.43:855][  0]LogInit: FAudioDevice initialized.
[2014.11.04-21.18.43:877][  0]LogAIModule: Creating AISystem for world NewWorld
[2014.11.04-21.18.43:905][  0]LogDerivedDataCache: Saved boot cache 0.03s 39MB C:/Users/Master/AppData/Local/UnrealEngine/4.5/DerivedDataCache/Boot.ddc.
[2014.11.04-21.18.43:910][  0]LogInit: Texture streaming: Enabled
[2014.11.04-21.18.43:945][  0]LogInit: Transaction tracking system initialized
[2014.11.04-21.18.44:010][  0]BlueprintLog: New page: Editor Load
[2014.11.04-21.18.44:036][  0]LogAssetRegistry: FAssetRegistry took 0.0107 seconds to start up
[2014.11.04-21.18.44:036][  0]LogDirectoryWatcher:Warning: Failed to begin reading directory changes for ../../../Engine/Plugins/Experimental/CharacterAI/Content/. Error: 0
[2014.11.04-21.18.44:417][  0]LogTargetPlatformManager:Display: Building Assets For Windows
[2014.11.04-21.18.44:706][  0]LogTargetPlatformManager:Display: Building Assets For Windows
[2014.11.04-21.18.44:863][  0]LogConsoleResponse:Display: 
[2014.11.04-21.18.45:000][  0]SourceControl: Info Source control is disabled
[2014.11.04-21.18.45:000][  0]Cmd: MAP LOAD FILE="D:/Unreal Engine Projects/VisualNovel/Content/Maps/Example_Map.umap" TEMPLATE=0 SHOWPROGRESS=1
[2014.11.04-21.18.45:000][  0]LightingResults: New page: Lighting Build
[2014.11.04-21.18.45:008][  0]MapCheck: New page: Map Check
[2014.11.04-21.18.45:008][  0]LightingResults: New page: Lighting Build
[2014.11.04-21.18.45:020][  0]LogParticles: Destroying 0 GPU particle simulations for FXSystem 0x000000951E486840
[2014.11.04-21.18.45:209][  0]LogEditorServer: Finished looking for orphan Actors (0.000 secs)
[2014.11.04-21.18.45:209][  0]LogAIModule: Creating AISystem for world Example_Map
[2014.11.04-21.18.45:210][  0]Cmd: MAP CHECKDEP
[2014.11.04-21.18.45:210][  0]MapCheck: New page: Example_Map - 4 Nov 2014 21:18:45
[2014.11.04-21.18.45:277][  0]MapCheck: Info Map check complete: 0 Error(s), 0 Warning(s), took 67.478ms to complete.
[2014.11.04-21.18.45:277][  0]LogFileHelpers: Loading map 'Example_Map' took 0.278
[2014.11.04-21.18.45:360][  0]LogCollectionManager: Loaded 0 collections in 0.000695 seconds
[2014.11.04-21.18.45:420][  0]LogCrashTracker: Crashtracker disabled due to settings.
[2014.11.04-21.18.45:434][  0]LogUObjectGlobals:Warning: Failed to find object 'Class None.'
[2014.11.04-21.18.45:461][  0]LogLoad: Full Startup: 9.82 seconds (BP compile: 0.05 seconds)
[2014.11.04-21.18.45:810][  0]LogContentBrowser:Verbose: The content browser source was changed by the sources view to '/Game/Lightroom/Speedtree'
[2014.11.04-21.18.45:959][  0]LogRenderer:Warning: Reallocating scene render targets to support 1136x904.
[2014.11.04-21.18.47:144][  4]LogAssetRegistry: Asset discovery search completed in 3.1198 seconds
[2014.11.04-21.19.01:403][643]Cmd: MAP LOAD FILE="D:/Unreal Engine Projects/VisualNovel/Content/Maps/ZackAppartment.umap" TEMPLATE=0 SHOWPROGRESS=1
[2014.11.04-21.19.01:403][643]LightingResults: New page: Lighting Build
[2014.11.04-21.19.01:434][643]LoadErrors: New page: Loading map: ZackAppartment.umap
[2014.11.04-21.19.01:435][643]MapCheck: New page: Map Check
[2014.11.04-21.19.01:435][643]LightingResults: New page: Lighting Build
[2014.11.04-21.19.01:449][643]LogParticles: Destroying 0 GPU particle simulations for FXSystem 0x0000009516323420
[2014.11.04-21.19.02:242][643]LogRenderer: Adding SpeedTree wind for static mesh Broadleaf_simple_small
[2014.11.04-21.19.02:245][643]LogEditorServer: Finished looking for orphan Actors (0.000 secs)
[2014.11.04-21.19.02:245][643]LogAIModule: Creating AISystem for world ZackAppartment
[2014.11.04-21.19.02:281][643]Cmd: MAP CHECKDEP
[2014.11.04-21.19.02:281][643]MapCheck: New page: ZackAppartment - 4 Nov 2014 21:19:02
[2014.11.04-21.19.02:366][643]MapCheck: Info Map check complete: 0 Error(s), 0 Warning(s), took 85.291ms to complete.
[2014.11.04-21.19.02:366][643]LogFileHelpers: Loading map 'ZackAppartment' took 0.966
[2014.11.04-21.19.05:193][933]LogWindowsTextInputMethodSystem:Error: Deactivating a context failed while setting focus to the disabled TSF document manager.
[2014.11.04-21.19.13:770][933]LogWindowsTextInputMethodSystem:Error: Deactivating a context failed while setting focus to the disabled TSF document manager.
[2014.11.04-21.19.15:378][933]Cmd: OBJ SAVEPACKAGE PACKAGE="/Game/Maps/ZackComplex" FILE="D:/Unreal Engine Projects/VisualNovel/Content/Maps/ZackComplex.umap" SILENT=true AUTOSAVING=false KEEPDIRTY=false
[2014.11.04-21.19.15:608][933]LogSavePackage: Save=203.333633ms
[2014.11.04-21.19.15:608][933]LogSavePackage: Moving 'D:/Unreal Engine Projects/VisualNovel/Saved/ZackComplexB93983B64BD4316E5621CD823EE5A840.tmp' to 'D:/Unreal Engine Projects/VisualNovel/Content/Maps/ZackComplex.umap'
[2014.11.04-21.19.15:626][933]LogFileHelpers: Saving map 'ZackComplex' took 1.757
[2014.11.04-21.19.16:823][ 59]BlueprintLog: New page: Pre-PIE auto-recompile
[2014.11.04-21.19.16:823][ 59]LogPlayLevel: [PIE] Compiling Tutorial_BP_MacroLib before PIE...
[2014.11.04-21.19.16:875][ 59]LogPlayLevel: PIE:  Blueprint regeneration took 52 ms (1 blueprints)
[2014.11.04-21.19.16:876][ 59]PIE: New page: PIE session: ZackComplex (4 Nov 2014 21:19:16)
[2014.11.04-21.19.16:908][ 59]LogPlayLevel: PIE: StaticDuplicateObject took: (0.032065s)
[2014.11.04-21.19.16:908][ 59]LogPlayLevel: PIE: World Init took: (0.000658s)
[2014.11.04-21.19.16:909][ 59]LogPlayLevel: PIE: Created PIE world by copying editor world from /Game/Maps/ZackComplex.ZackComplex to /Game/Maps/UEDPIE_0_ZackComplex.ZackComplex (0.032914s)
[2014.11.04-21.19.17:294][ 59]LogWorld: Game class is 'MyGame_C'
[2014.11.04-21.19.17:301][ 59]LogAIModule: Creating AISystem for world ZackComplex
[2014.11.04-21.19.17:302][ 59]LogRenderer: Adding SpeedTree wind for static mesh Broadleaf_simple_small
[2014.11.04-21.19.17:302][ 59]LogWorld: Bringing World /Game/Maps/UEDPIE_0_ZackComplex.ZackComplex up for play (max tick rate 0) at 2014.11.04-21.19.17
[2014.11.04-21.19.17:307][ 59]LogWorld: Bringing up level for play took: 0.004846
[2014.11.04-21.19.17:316][ 59]PIE: Info Play in editor start time for /Game/Maps/UEDPIE_0_ZackComplex 0.195
[2014.11.04-21.19.19:125][250]LogParticles: Destroying 0 GPU particle simulations for FXSystem 0x00000095125F0180
[2014.11.04-21.19.21:898][510]LogEditorViewport: Clicking on Actor (LMB): AmbientSound (01_Hold_On__We_re_Going_Home__feat-)
[2014.11.04-21.19.22:726][592]Cmd: DELETE
[2014.11.04-21.19.22:726][592]Cmd: ACTOR DELETE
[2014.11.04-21.19.22:730][592]LogEditorActor: Deleted Actor: AmbientSound
[2014.11.04-21.19.22:745][592]LogEditorActor: Deleted 1 Actors (0.018 secs)
[2014.11.04-21.19.57:299][430]LogRenderer:Warning: Reallocating scene render targets to support 1136x928.
[2014.11.04-21.24.13:579][651]Running C:/Program Files/Unreal Engine/4.5/Engine/Binaries/DotNET/UnrealBuildTool.exe -projectfiles -project="D:/Unreal Engine Projects/VisualNovel/VisualStory.uproject" -game -rocket -progress
[2014.11.04-21.24.14:086][651]Discovering modules, targets and source code for game...
[2014.11.04-21.24.25:870][775]LogVSAccessor:Warning: Couldn't goto line number '0' in 'D:/Unreal Engine Projects/VisualNovel/Source/VisualStory/MyPlayerCameraManager.h'
[2014.11.04-21.24.25:928][775]LogVSAccessor:Warning: Couldn't goto line number '0' in 'D:/Unreal Engine Projects/VisualNovel/Source/VisualStory/MyPlayerCameraManager.cpp'
[2014.11.04-21.27.32:357][507]Cmd: QUIT_EDITOR
[2014.11.04-21.27.32:629][507]LogExit: Preparing to exit.
[2014.11.04-21.27.33:753][507]LogExit: Editor shut down
[2014.11.04-21.27.33:753][507]LogExit: Transaction tracking system shut down
[2014.11.04-21.27.33:753][507]LogParticles: Destroying 0 GPU particle simulations for FXSystem 0x0000009523311F80
[2014.11.04-21.27.33:754][507]LogParticles: Destroying 0 GPU particle simulations for FXSystem 0x0000009523312840
[2014.11.04-21.27.33:840][507]LogParticles: Destroying 0 GPU particle simulations for FXSystem 0x000000951664E340
[2014.11.04-21.27.33:840][507]LogExit: Object subsystem successfully closed.
[2014.11.04-21.27.33:931][507]LogModuleManager: Shutting down and abandoning module AndroidDeviceDetection (166)
[2014.11.04-21.27.33:931][507]LogModuleManager: Shutting down and abandoning module CrashTracker (165)
[2014.11.04-21.27.33:931][507]LogModuleManager: Shutting down and abandoning module SuperSearch (164)
[2014.11.04-21.27.33:931][507]LogModuleManager: Shutting down and abandoning module SceneOutliner (163)
[2014.11.04-21.27.33:931][507]LogModuleManager: Shutting down and abandoning module EditorWidgets (162)
[2014.11.04-21.27.33:931][507]LogModuleManager: Shutting down and abandoning module CollectionManager (161)
[2014.11.04-21.27.33:931][507]LogModuleManager: Shutting down and abandoning module StatsViewer (160)
[2014.11.04-21.27.33:932][507]LogModuleManager: Shutting down and abandoning module FoliageEdit (159)
[2014.11.04-21.27.33:933][507]LogModuleManager: Shutting down and abandoning module LandscapeEditor (158)
[2014.11.04-21.27.33:934][507]LogModuleManager: Shutting down and abandoning module MeshPaint (157)
[2014.11.04-21.27.33:934][507]LogModuleManager: Shutting down and abandoning module ActorPickerMode (156)
[2014.11.04-21.27.33:934][507]LogModuleManager: Shutting down and abandoning module GeometryMode (155)
[2014.11.04-21.27.33:934][507]LogModuleManager: Shutting down and abandoning module TextureAlignMode (154)
[2014.11.04-21.27.33:934][507]LogModuleManager: Shutting down and abandoning module BspMode (153)
[2014.11.04-21.27.33:934][507]LogModuleManager: Shutting down and abandoning module PlacementMode (152)
[2014.11.04-21.27.33:934][507]LogModuleManager: Shutting down and abandoning module AutomationWorker (151)
[2014.11.04-21.27.33:934][507]LogModuleManager: Shutting down and abandoning module CharacterAI (150)
[2014.11.04-21.27.33:934][507]LogModuleManager: Shutting down and abandoning module GameProjectGeneration (149)
[2014.11.04-21.27.33:934][507]LogModuleManager: Shutting down and abandoning module IntroTutorials (148)
[2014.11.04-21.27.33:935][507]LogModuleManager: Shutting down and abandoning module EditorLiveStreaming (147)
[2014.11.04-21.27.33:935][507]LogModuleManager: Shutting down and abandoning module HardwareTargeting (146)
[2014.11.04-21.27.33:935][507]LogModuleManager: Shutting down and abandoning module BehaviorTreeEditor (145)
[2014.11.04-21.27.33:937][507]LogModuleManager: Shutting down and abandoning module DeviceProfileEditor (144)
[2014.11.04-21.27.33:937][507]LogModuleManager: Shutting down and abandoning module UndoHistory (143)
[2014.11.04-21.27.33:937][507]LogModuleManager: Shutting down and abandoning module GameplayTagsEditor (142)
[2014.11.04-21.27.33:938][507]LogModuleManager: Shutting down and abandoning module UserFeedback (141)
[2014.11.04-21.27.33:938][507]LogModuleManager: Shutting down and abandoning module XmlParser (140)
[2014.11.04-21.27.33:938][507]LogModuleManager: Shutting down and abandoning module Blutility (139)
[2014.11.04-21.27.33:939][507]LogModuleManager: Shutting down and abandoning module IOSPlatformEditor (138)
[2014.11.04-21.27.33:939][507]LogModuleManager: Shutting down and abandoning module IOSRuntimeSettings (137)
[2014.11.04-21.27.33:939][507]LogModuleManager: Shutting down and abandoning module AndroidPlatformEditor (136)
[2014.11.04-21.27.33:939][507]LogModuleManager: Shutting down and abandoning module AndroidRuntimeSettings (135)
[2014.11.04-21.27.33:939][507]LogModuleManager: Shutting down and abandoning module ProjectTargetPlatformEditor (134)
[2014.11.04-21.27.33:939][507]LogModuleManager: Shutting down and abandoning module ProjectSettingsViewer (133)
[2014.11.04-21.27.33:939][507]LogModuleManager: Shutting down and abandoning module InputBindingEditor (132)
[2014.11.04-21.27.33:940][507]LogModuleManager: Shutting down and abandoning module EditorSettingsViewer (131)
[2014.11.04-21.27.33:940][507]LogModuleManager: Shutting down and abandoning module SettingsEditor (130)
[2014.11.04-21.27.33:940][507]LogModuleManager: Shutting down and abandoning module ProjectLauncher (129)
[2014.11.04-21.27.33:940][507]LogModuleManager: Shutting down and abandoning module SessionFrontend (128)
[2014.11.04-21.27.33:941][507]LogModuleManager: Shutting down and abandoning module ProfilerClient (127)
[2014.11.04-21.27.33:941][507]LogModuleManager: Shutting down and abandoning module TargetDeviceServices (126)
[2014.11.04-21.27.33:941][507]LogModuleManager: Shutting down and abandoning module DeviceManager (125)
[2014.11.04-21.27.33:942][507]LogModuleManager: Shutting down and abandoning module AutomationController (124)
[2014.11.04-21.27.33:943][507]LogModuleManager: Shutting down and abandoning module AutomationWindow (123)
[2014.11.04-21.27.33:943][507]LogModuleManager: Shutting down and abandoning module Layers (122)
[2014.11.04-21.27.33:945][507]LogModuleManager: Shutting down and abandoning module ComponentVisualizers (121)
[2014.11.04-21.27.33:945][507]LogModuleManager: Shutting down and abandoning module DetailCustomizations (120)
[2014.11.04-21.27.33:945][507]LogModuleManager: Shutting down and abandoning module PackagesDialog (119)
[2014.11.04-21.27.33:945][507]LogModuleManager: Shutting down and abandoning module AssetRegistry (118)
[2014.11.04-21.27.34:056][507]LogModuleManager: Shutting down and abandoning module Persona (117)
[2014.11.04-21.27.34:058][507]LogModuleManager: Shutting down and abandoning module Kismet (116)
[2014.11.04-21.27.34:059][507]LogModuleManager: Shutting down and abandoning module GraphEditor (115)
[2014.11.04-21.27.34:059][507]LogModuleManager: Shutting down and abandoning module ClassViewer (114)
[2014.11.04-21.27.34:059][507]LogModuleManager: Shutting down and abandoning module Toolbox (113)
[2014.11.04-21.27.34:059][507]LogModuleManager: Shutting down and abandoning module ModuleUI (112)
[2014.11.04-21.27.34:060][507]LogModuleManager: Shutting down and abandoning module MovieSceneTools (111)
[2014.11.04-21.27.34:062][507]LogModuleManager: Shutting down and abandoning module OutputLog (110)
[2014.11.04-21.27.34:062][507]LogModuleManager: Shutting down and abandoning module GammaUI (109)
[2014.11.04-21.27.34:062][507]LogModuleManager: Shutting down and abandoning module Documentation (108)
[2014.11.04-21.27.34:062][507]LogModuleManager: Shutting down and abandoning module GameLiveStreaming (107)
[2014.11.04-21.27.34:063][507]LogModuleManager: Shutting down and abandoning module StreamingPauseRendering (106)
[2014.11.04-21.27.34:063][507]LogModuleManager: Shutting down and abandoning module HTTP (105)
[2014.11.04-21.27.34:064][507]LogModuleManager: Shutting down and abandoning module AnalyticsET (104)
[2014.11.04-21.27.34:064][507]LogModuleManager: Shutting down and abandoning module Analytics (103)
[2014.11.04-21.27.34:064][507]LogModuleManager: Shutting down and abandoning module GameplayDebugger (102)
[2014.11.04-21.27.34:064][507]LogModuleManager: Shutting down and abandoning module AIModule (101)
[2014.11.04-21.27.34:064][507]LogModuleManager: Shutting down and abandoning module ProfilerService (100)
[2014.11.04-21.27.34:079][507]LogModuleManager: Shutting down and abandoning module TaskGraph (99)
[2014.11.04-21.27.34:080][507]LogModuleManager: Shutting down and abandoning module SlateRemote (98)
[2014.11.04-21.27.34:080][507]LogModuleManager: Shutting down and abandoning module ScriptEditorPlugin (97)
[2014.11.04-21.27.34:080][507]LogModuleManager: Shutting down and abandoning module CustomMeshComponent (96)
[2014.11.04-21.27.34:080][507]LogModuleManager: Shutting down and abandoning module CableComponent (95)
[2014.11.04-21.27.34:080][507]LogModuleManager: Shutting down and abandoning module MessagingDebugger (94)
[2014.11.04-21.27.34:082][507]LogModuleManager: Shutting down and abandoning module MediaPlayerEditor (93)
[2014.11.04-21.27.34:082][507]LogModuleManager: Shutting down and abandoning module SpeedTreeImporter (92)
[2014.11.04-21.27.34:083][507]LogModuleManager: Shutting down and abandoning module PluginsEditor (91)
[2014.11.04-21.27.34:083][507]LogModuleManager: Shutting down and abandoning module EpicSurvey (90)
[2014.11.04-21.27.34:083][507]LogModuleManager: Shutting down and abandoning module DesktopPlatform (89)
[2014.11.04-21.27.34:084][507]LogModuleManager: Shutting down and abandoning module VisualStudioSourceCodeAccess (88)
[2014.11.04-21.27.34:084][507]LogModuleManager: Shutting down and abandoning module UObjectPlugin (87)
[2014.11.04-21.27.34:084][507]LogModuleManager: Shutting down and abandoning module SubversionSourceControl (86)
[2014.11.04-21.27.34:085][507]LogModuleManager: Shutting down and abandoning module SourceControl (85)
[2014.11.04-21.27.34:085][507]LogModuleManager: Shutting down and abandoning module PerforceSourceControl (84)
[2014.11.04-21.27.34:086][507]LogModuleManager: Shutting down and abandoning module BlankPlugin (83)
[2014.11.04-21.27.34:086][507]LogModuleManager: Shutting down and abandoning module SlateReflector (82)
[2014.11.04-21.27.34:086][507]LogModuleManager: Shutting down and abandoning module DirectoryWatcher (81)
[2014.11.04-21.27.34:087][507]LogModuleManager: Shutting down and abandoning module HotReload (80)
[2014.11.04-21.27.34:087][507]LogModuleManager: Shutting down and abandoning module MainFrame (79)
[2014.11.04-21.27.34:087][507]LogModuleManager: Shutting down and abandoning module LevelEditor (78)
[2014.11.04-21.27.34:088][507]LogModuleManager: Shutting down and abandoning module ViewportSnapping (77)
[2014.11.04-21.27.34:088][507]LogModuleManager: Shutting down and abandoning module SmartSnapping (76)
[2014.11.04-21.27.34:088][507]LogModuleManager: Shutting down and abandoning module PaperTiledImporter (75)
[2014.11.04-21.27.34:088][507]LogModuleManager: Shutting down and abandoning module PaperJsonImporter (74)
[2014.11.04-21.27.34:089][507]LogModuleManager: Shutting down and abandoning module ContentBrowser (73)
[2014.11.04-21.27.34:089][507]LogModuleManager: Shutting down and abandoning module PropertyEditor (72)
[2014.11.04-21.27.34:089][507]LogModuleManager: Shutting down and abandoning module Paper2DEditor (71)
[2014.11.04-21.27.34:091][507]LogModuleManager: Shutting down and abandoning module ScriptPlugin (70)
[2014.11.04-21.27.34:091][507]LogModuleManager: Shutting down and abandoning module UdpMessaging (69)
[2014.11.04-21.27.34:192][507]LogModuleManager: Shutting down and abandoning module Paper2D (68)
[2014.11.04-21.27.34:192][507]LogModuleManager: Shutting down and abandoning module WindowsMoviePlayer (67)
[2014.11.04-21.27.34:196][507]LogModuleManager: Shutting down and abandoning module Media (66)
[2014.11.04-21.27.34:196][507]LogModuleManager: Shutting down and abandoning module WmfMedia (65)
[2014.11.04-21.27.34:197][507]LogModuleManager: Shutting down and abandoning module OnlineBlueprintSupport (64)
[2014.11.04-21.27.34:197][507]LogModuleManager: Shutting down and abandoning module FunctionalTesting (63)
[2014.11.04-21.27.34:197][507]LogModuleManager: Shutting down and abandoning module CollisionAnalyzer (62)
[2014.11.04-21.27.34:197][507]LogModuleManager: Shutting down and abandoning module WorkspaceMenuStructure (61)
[2014.11.04-21.27.34:198][507]LogModuleManager: Shutting down and abandoning module MessageLog (60)
[2014.11.04-21.27.34:198][507]LogModuleManager: Shutting down and abandoning module Sequencer (59)
[2014.11.04-21.27.34:199][507]LogModuleManager: Shutting down and abandoning module AssetTools (58)
[2014.11.04-21.27.34:201][507]LogModuleManager: Shutting down and abandoning module UMGEditor (57)
[2014.11.04-21.27.34:202][507]LogModuleManager: Shutting down and abandoning module UMG (56)
[2014.11.04-21.27.34:202][507]LogModuleManager: Shutting down and abandoning module Slate (55)
[2014.11.04-21.27.34:202][507]LogModuleManager: Shutting down and abandoning module EditorStyle (54)
[2014.11.04-21.27.34:204][507]LogModuleManager: Shutting down and abandoning module SessionServices (53)
[2014.11.04-21.27.34:204][507]LogModuleManager: Shutting down and abandoning module SourceCodeAccess (52)
[2014.11.04-21.27.34:204][507]LogModuleManager: Shutting down and abandoning module HeadMountedDisplay (51)
[2014.11.04-21.27.34:204][507]LogModuleManager: Shutting down and abandoning module XAudio2 (50)
[2014.11.04-21.27.34:204][507]LogModuleManager: Shutting down and abandoning module Networking (48)
[2014.11.04-21.27.34:204][507]LogModuleManager: Shutting down and abandoning module Core (47)
[2014.11.04-21.27.34:204][507]LogModuleManager: Shutting down and abandoning module KismetCompiler (46)
[2014.11.04-21.27.34:204][507]LogModuleManager: Shutting down and abandoning module PhysXFormats (45)
[2014.11.04-21.27.34:204][507]LogModuleManager: Shutting down and abandoning module MeshUtilities (44)
[2014.11.04-21.27.34:205][507]LogModuleManager: Shutting down and abandoning module DerivedDataCache (43)
[2014.11.04-21.27.34:281][507]LogDerivedDataCache: Shutdown
[2014.11.04-21.27.34:281][507]LogModuleManager: Shutting down and abandoning module ShaderFormatOpenGL (42)
[2014.11.04-21.27.34:281][507]LogModuleManager: Shutting down and abandoning module ShaderFormatD3D (41)
[2014.11.04-21.27.34:282][507]LogModuleManager: Shutting down and abandoning module MetalShaderFormat (40)
[2014.11.04-21.27.34:282][507]LogModuleManager: Shutting down and abandoning module TextureFormatUncompressed (39)
[2014.11.04-21.27.34:282][507]LogModuleManager: Shutting down and abandoning module TextureFormatPVR (38)
[2014.11.04-21.27.34:282][507]LogModuleManager: Shutting down and abandoning module TextureFormatDXT (37)
[2014.11.04-21.27.34:282][507]LogModuleManager: Shutting down and abandoning module TextureFormatAndroid (36)
[2014.11.04-21.27.34:282][507]LogModuleManager: Shutting down and abandoning module AudioFormatOpus (35)
[2014.11.04-21.27.34:283][507]LogModuleManager: Shutting down and abandoning module AudioFormatOgg (34)
[2014.11.04-21.27.34:283][507]LogModuleManager: Shutting down and abandoning module AudioFormatADPCM (33)
[2014.11.04-21.27.34:283][507]LogModuleManager: Shutting down and abandoning module Messaging (32)
[2014.11.04-21.27.34:283][507]LogModuleManager: Shutting down and abandoning module IOSTargetPlatform (31)
[2014.11.04-21.27.34:283][507]LogModuleManager: Shutting down and abandoning module Android_PVRTCTargetPlatform (30)
[2014.11.04-21.27.34:283][507]LogModuleManager: Shutting down and abandoning module Android_ETC2TargetPlatform (29)
[2014.11.04-21.27.34:283][507]LogModuleManager: Shutting down and abandoning module Android_ETC1TargetPlatform (28)
[2014.11.04-21.27.34:283][507]LogModuleManager: Shutting down and abandoning module Android_DXTTargetPlatform (27)
[2014.11.04-21.27.34:283][507]LogModuleManager: Shutting down and abandoning module Android_ATCTargetPlatform (26)
[2014.11.04-21.27.34:283][507]LogModuleManager: Shutting down and abandoning module AndroidTargetPlatform (25)
[2014.11.04-21.27.34:283][507]LogModuleManager: Shutting down and abandoning module WindowsTargetPlatform (24)
[2014.11.04-21.27.34:283][507]LogModuleManager: Shutting down and abandoning module WindowsServerTargetPlatform (23)
[2014.11.04-21.27.34:283][507]LogModuleManager: Shutting down and abandoning module WindowsNoEditorTargetPlatform (22)
[2014.11.04-21.27.34:283][507]LogModuleManager: Shutting down and abandoning module WindowsClientTargetPlatform (21)
[2014.11.04-21.27.34:283][507]LogModuleManager: Shutting down and abandoning module TargetPlatform (20)
[2014.11.04-21.27.34:283][507]LogModuleManager: Shutting down and abandoning module InputCore (19)
[2014.11.04-21.27.34:283][507]LogModuleManager: Shutting down and abandoning module Settings (18)
[2014.11.04-21.27.34:283][507]LogModuleManager: Shutting down and abandoning module ImageWrapper (17)
[2014.11.04-21.27.34:283][507]LogModuleManager: Shutting down and abandoning module OculusRift (14)
[2014.11.04-21.27.34:284][507]LogModuleManager: Shutting down and abandoning module ExampleDeviceProfileSelector (13)
[2014.11.04-21.27.34:284][507]LogModuleManager: Shutting down and abandoning module TextureCompressor (12)
[2014.11.04-21.27.34:285][507]LogModuleManager: Shutting down and abandoning module ShaderCore (11)
[2014.11.04-21.27.34:285][507]LogModuleManager: Shutting down and abandoning module SlateRHIRenderer (10)
[2014.11.04-21.27.34:286][507]LogModuleManager: Shutting down and abandoning module OpenGLDrv (9)
[2014.11.04-21.27.34:286][507]LogModuleManager: Shutting down and abandoning module D3D11RHI (8)
[2014.11.04-21.27.34:286][507]LogModuleManager: Shutting down and abandoning module Renderer (7)
[2014.11.04-21.27.34:286][507]LogModuleManager: Shutting down and abandoning module Engine (6)
[2014.11.04-21.27.34:286][507]LogModuleManager: Shutting down and abandoning module CoreUObject (5)
[2014.11.04-21.27.34:286][507]LogModuleManager: Shutting down and abandoning module NetworkFile (4)
[2014.11.04-21.27.34:287][507]LogModuleManager: Shutting down and abandoning module StreamingFile (3)
[2014.11.04-21.27.34:287][507]LogModuleManager: Shutting down and abandoning module SandboxFile (2)
[2014.11.04-21.27.34:287][507]LogModuleManager: Shutting down and abandoning module PakFile (1)
[2014.11.04-21.27.34:289][507]LogExit: Exiting.
[2014.11.04-21.27.34:298][507]Log file closed, 11/04/14 21:27:34
