Log file open, 10/24/14 16:13:39
LogInit:Display: Running engine for game: VisualStory
LogInit: Version: 4.5.1-2336687+++depot+UE4-Releases+4.5
LogInit: API Version: 2326478
LogInit: Compiled (64-bit): Oct 21 2014 22:32:40
LogInit: Compiled with Visual C++: 18.00.21005.01
LogInit: Build Configuration: Development
LogInit: Branch Name: ++depot+UE4-Releases+4.5
LogInit: Command line: 
LogInit: Base directory: C:/Program Files/Unreal Engine/4.5/Engine/Binaries/Win64/
LogInit: Rocket: 1
[2014.10.24-15.13.39:104][  0]LogTaskGraph: Started task graph with 3 named threads and 4 total threads.
[2014.10.24-15.13.39:141][  0]LogOnline:Warning: No default platform service specified for OnlineSubsystem
[2014.10.24-15.13.39:162][  0]LogInit: Presizing for 0 objects not considered by GC, pre-allocating 0 bytes.
[2014.10.24-15.13.39:170][  0]LogInit: Object subsystem initialized
[2014.10.24-15.13.39:173][  0]LogConsoleResponse:Warning: Skipping Unknown console variable: 'UIScaleRule = ShortestSide'
[2014.10.24-15.13.39:173][  0]LogConsoleResponse:Warning:   Found in ini file 'D:/Unreal Engine Projects/VisualStory/Saved/Config/Windows/Engine.ini', in section '[/Script/Engine.RendererSettings]'
[2014.10.24-15.13.39:173][  0]LogConsoleResponse:Warning: Skipping Unknown console variable: 'UIScaleCurve = (EditorCurveData=(Keys=((Time=480,Value=0.444),(Time=720,Value=0.666),(Time=1080,Value=1.0),(Time=8640,Value=8.0))),ExternalCurve=None)'
[2014.10.24-15.13.39:173][  0]LogConsoleResponse:Warning:   Found in ini file 'D:/Unreal Engine Projects/VisualStory/Saved/Config/Windows/Engine.ini', in section '[/Script/Engine.RendererSettings]'
[2014.10.24-15.13.39:173][  0]LogInit: Selected Device Profile: [Windows]
[2014.10.24-15.13.39:173][  0]LogInit: Applying CVar settings loaded from the selected device profile: [Windows]
[2014.10.24-15.13.39:176][  0]LogInit: Computer: ALEXANDRIA
[2014.10.24-15.13.39:176][  0]LogInit: User: Master
[2014.10.24-15.13.39:177][  0]LogInit: CPU Page size=4096, Cores=4
[2014.10.24-15.13.39:177][  0]LogInit: High frequency timer resolution =3.428037 MHz
[2014.10.24-15.13.39:177][  0]LogMemory: Memory total: Physical=3.9GB (4GB approx) Virtual=8192.0GB
[2014.10.24-15.13.39:177][  0]LogMemory: Platform Memory Stats for Windows
[2014.10.24-15.13.39:177][  0]LogMemory: Process Physical Memory: 61.35 MB used, 61.35 MB peak
[2014.10.24-15.13.39:177][  0]LogMemory: Process Virtual Memory: 38.52 MB used, 38.52 MB peak
[2014.10.24-15.13.39:177][  0]LogMemory: Physical Memory: 2055.70 MB used, 4043.52 MB total
[2014.10.24-15.13.39:177][  0]LogMemory: Virtual Memory: 288.07 MB used, 8388608.00 MB total
[2014.10.24-15.13.39:208][  0]LogD3D11RHI: Found D3D11 adapter 0: NVIDIA GeForce GTX 660   (Feature Level 11_0)
[2014.10.24-15.13.39:208][  0]LogD3D11RHI: Adapter has 1989MB of dedicated video memory, 0MB of dedicated system memory, and 1765MB of shared system memory, 2 output[s]
[2014.10.24-15.13.39:209][  0]LogD3D11RHI: Found D3D11 adapter 1: Microsoft Basic Render Driver (Feature Level 11_0)
[2014.10.24-15.13.39:209][  0]LogD3D11RHI: Adapter has 0MB of dedicated video memory, 0MB of dedicated system memory, and 256MB of shared system memory, 0 output[s]
[2014.10.24-15.13.39:209][  0]LogD3D11RHI: Chosen D3D11 Adapter Id = 0
[2014.10.24-15.13.39:213][  0]LogRHI: Texture pool is 1361 MB (70% of 1945 MB)
[2014.10.24-15.13.39:220][  0]LogD3D11RHI: Async texture creation enabled
[2014.10.24-15.13.39:583][  0]LogTextLocalizationManager: The requested culture ('en_GB') has no localization data; parent culture's ('en') localization data will be used.
[2014.10.24-15.13.39:706][  0]LogContentStreaming: Texture pool size is 0.000000MB
[2014.10.24-15.13.43:522][  0]LogTargetPlatformManager:Display: Building Assets For Windows
[2014.10.24-15.13.43:879][  0]LogTargetPlatformManager:Display: Building Assets For Windows
[2014.10.24-15.13.43:922][  0]LogDerivedDataCache:Display: Max Cache Size: 512 MB
[2014.10.24-15.13.43:963][  0]LogDerivedDataCache: Loaded boot cache 0.04s 39MB C:/Users/Master/AppData/Local/UnrealEngine/4.5/DerivedDataCache/Boot.ddc.
[2014.10.24-15.13.43:963][  0]LogDerivedDataCache:Display: Loaded Boot cache: C:/Users/Master/AppData/Local/UnrealEngine/4.5/DerivedDataCache/Boot.ddc
[2014.10.24-15.13.43:964][  0]LogDerivedDataCache: FDerivedDataBackendGraph:  Pak pak cache file D:/Unreal Engine Projects/VisualStory/DerivedDataCache/DDC.ddp not found, will not use a pak cache.
[2014.10.24-15.13.43:964][  0]LogDerivedDataCache: Unable to find inner node Pak for hierarchical cache Hierarchy.
[2014.10.24-15.13.44:019][  0]LogDerivedDataCache:Display: Pak cache opened for reading ../../../Engine/DerivedDataCache/DDC.ddp.
[2014.10.24-15.13.44:031][  0]LogDerivedDataCache: Using Local data cache path C:/Users/Master/AppData/Local/UnrealEngine/Common/DerivedDataCache: Writable
[2014.10.24-15.13.44:174][  0]LogMeshUtilities: No automatic mesh reduction module available
[2014.10.24-15.13.44:174][  0]LogMeshUtilities: No automatic mesh merging module available
[2014.10.24-15.13.44:388][  0]LogLinker:Warning: Asset '../../../Engine/Content/Functions/Engine_MaterialFunctions02/Texturing/FlipBook.uasset' has been saved with empty engine version. The asset will be loaded but may be incompatible.
[2014.10.24-15.13.44:392][  0]LogLinker:Warning: Asset '../../../Engine/Content/Functions/Engine_MaterialFunctions02/ExampleContent/Textures/flipbook.uasset' has been saved with empty engine version. The asset will be loaded but may be incompatible.
[2014.10.24-15.13.44:531][  0]LogInit: WinSock: version 1.1 (2.2), MaxSocks=32767, MaxUdp=65467
[2014.10.24-15.13.45:302][  0]UdpMessaging: Initializing bridge on interface 0.0.0.0:0 to multicast group 230.0.0.1:6666.
[2014.10.24-15.13.45:444][  0]LogDirectoryWatcher:Warning: Failed to begin reading directory changes for D:/Unreal Engine Projects/VisualStory/Binaries/Win64. Error: 0
[2014.10.24-15.13.45:571][  0]SourceControl: Info Source control is disabled
[2014.10.24-15.13.45:571][  0]SourceControl: Info Source control is disabled
[2014.10.24-15.13.45:576][  0]SourceControl: Info Source control is disabled
[2014.10.24-15.13.45:661][  0]LogObj: 22915 objects as part of root set at end of initial load.
[2014.10.24-15.13.45:661][  0]LogUObjectAllocator: 4803544 out of 0 bytes used by permanent object pool.
[2014.10.24-15.13.45:709][  0]LogEngine: Initializing Engine...
[2014.10.24-15.13.45:832][  0]LogInit: XAudio2 using 'Speakers (2- High Definition Audio Device)' : 6 channels at 44.1 kHz using 16 bits per sample (channel mask 0x60f)
[2014.10.24-15.13.45:848][  0]LogInit: FAudioDevice initialized.
[2014.10.24-15.13.45:866][  0]LogAIModule: Creating AISystem for world NewWorld
[2014.10.24-15.13.45:891][  0]LogDerivedDataCache: Saved boot cache 0.02s 39MB C:/Users/Master/AppData/Local/UnrealEngine/4.5/DerivedDataCache/Boot.ddc.
[2014.10.24-15.13.45:896][  0]LogInit: Texture streaming: Enabled
[2014.10.24-15.13.45:937][  0]LogInit: Transaction tracking system initialized
[2014.10.24-15.13.46:008][  0]BlueprintLog: New page: Editor Load
[2014.10.24-15.13.46:035][  0]LogAssetRegistry: FAssetRegistry took 0.0114 seconds to start up
[2014.10.24-15.13.46:035][  0]LogDirectoryWatcher:Warning: Failed to begin reading directory changes for ../../../Engine/Plugins/Experimental/CharacterAI/Content/. Error: 0
[2014.10.24-15.13.46:438][  0]LogTargetPlatformManager:Display: Building Assets For Windows
[2014.10.24-15.13.46:733][  0]LogTargetPlatformManager:Display: Building Assets For Windows
[2014.10.24-15.13.47:904][  0]LogConsoleResponse:Display: 
[2014.10.24-15.13.48:071][  0]SourceControl: Info Source control is disabled
[2014.10.24-15.13.48:071][  0]Cmd: MAP LOAD FILE="D:/Unreal Engine Projects/VisualStory/Content/Maps/Example_Map.umap" TEMPLATE=0 SHOWPROGRESS=1
[2014.10.24-15.13.48:071][  0]LightingResults: New page: Lighting Build
[2014.10.24-15.13.48:078][  0]MapCheck: New page: Map Check
[2014.10.24-15.13.48:078][  0]LightingResults: New page: Lighting Build
[2014.10.24-15.13.48:092][  0]LogParticles: Destroying 0 GPU particle simulations for FXSystem 0x0000002C1BA02840
[2014.10.24-15.13.48:323][  0]LogTexture:Display: Building textures: HQ_Lightmap0_1 (AutoDXT)
[2014.10.24-15.13.48:528][  0]LogTexture:Display: Building textures: HQ_Lightmap0_2 (AutoDXT)
[2014.10.24-15.13.48:533][  0]LogTexture:Display: Building textures: HQ_Lightmap1_2 (AutoDXT)
[2014.10.24-15.13.48:547][  0]LogTexture:Display: Building textures: LQ_Lightmap_0_1 (DXT1)
[2014.10.24-15.13.48:630][  0]LogTexture:Display: Building textures: LQ_Lightmap_0_2 (DXT1)
[2014.10.24-15.13.48:639][  0]LogTexture:Display: Building textures: ShadowMapTexture2D_0 (BGRA8)
[2014.10.24-15.13.48:667][  0]LogTexture:Display: Building textures: ShadowMapTexture2D_1 (BGRA8)
[2014.10.24-15.13.48:668][  0]LogTexture:Display: Building textures: ShadowMapTexture2D_2 (BGRA8)
[2014.10.24-15.13.48:682][  0]LogEditorServer: Finished looking for orphan Actors (0.000 secs)
[2014.10.24-15.13.48:684][  0]LogAIModule: Creating AISystem for world Example_Map
[2014.10.24-15.13.48:685][  0]Cmd: MAP CHECKDEP
[2014.10.24-15.13.48:685][  0]MapCheck: New page: Example_Map - 24 Oct 2014 17:13:48
[2014.10.24-15.13.48:752][  0]MapCheck: Info Map check complete: 0 Error(s), 0 Warning(s), took 67.617ms to complete.
[2014.10.24-15.13.48:752][  0]LogFileHelpers: Loading map 'Example_Map' took 0.682
[2014.10.24-15.13.48:840][  0]LogCollectionManager: Loaded 0 collections in 0.000784 seconds
[2014.10.24-15.13.48:966][  0]LogCrashTracker: Crashtracker disabled due to settings.
[2014.10.24-15.13.48:981][  0]LogUObjectGlobals:Warning: Failed to find object 'Class None.'
[2014.10.24-15.13.49:006][  0]LogLoad: Full Startup: 11.97 seconds (BP compile: 0.07 seconds)
[2014.10.24-15.13.49:540][  0]LogRenderer:Warning: Reallocating scene render targets to support 1136x904.
[2014.10.24-15.13.50:032][  2]LogAssetRegistry: Asset discovery search completed in 4.0095 seconds
[2014.10.24-15.17.49:713][149]LogPlayLevel: PIE:  No blueprints needed recompiling
[2014.10.24-15.17.49:713][149]PIE: New page: PIE session: Example_Map (24 Oct 2014 17:17:49)
[2014.10.24-15.17.49:762][149]LogPlayLevel: PIE: StaticDuplicateObject took: (0.048013s)
[2014.10.24-15.17.49:763][149]LogPlayLevel: PIE: World Init took: (0.001098s)
[2014.10.24-15.17.49:763][149]LogPlayLevel: PIE: Created PIE world by copying editor world from /Game/Maps/Example_Map.Example_Map to /Game/Maps/UEDPIE_0_Example_Map.Example_Map (0.049361s)
[2014.10.24-15.17.50:056][149]LogWorld: Game class is 'MyGame_C'
[2014.10.24-15.17.50:073][149]LogAIModule: Creating AISystem for world Example_Map
[2014.10.24-15.17.50:075][149]LogWorld: Bringing World /Game/Maps/UEDPIE_0_Example_Map.Example_Map up for play (max tick rate 0) at 2014.10.24-16.17.50
[2014.10.24-15.17.50:077][149]LogWorld: Bringing up level for play took: 0.003404
[2014.10.24-15.17.50:107][149]PIE: Info Play in editor start time for /Game/Maps/UEDPIE_0_Example_Map 0.986
[2014.10.24-15.17.51:343][279]LogParticles: Destroying 0 GPU particle simulations for FXSystem 0x0000002C247560C0
[2014.10.24-15.17.53:867][553]LogContentBrowser:Verbose: The content browser source was changed by the sources view to '/Game/NewFolder'
[2014.10.24-15.17.55:680][747]LogContentBrowser:Verbose: The content browser source was changed by the sources view to '/Game/UI'
[2014.10.24-15.17.59:164][122]LogContentBrowser:Verbose: The content browser source was changed by the sources view to '/Game/UI'
[2014.10.24-15.18.18:714][320]LogContentBrowser:Verbose: The content browser source was changed by the sources view to '/Game/UI'
[2014.10.24-15.19.42:588][116]LogEditorTransaction: Undo Move Widget
[2014.10.24-15.19.43:201][137]LogEditorTransaction: Undo Add Widget
[2014.10.24-15.22.15:215][978]BlueprintLog: New page: Compile MainMenu
[2014.10.24-15.22.15:319][978]BlueprintEditorCompileResults: Info [0518.18] Compile of MainMenu successful! [in 1 ms]
[2014.10.24-15.22.15:719][  7]Cmd: OBJ SAVEPACKAGE PACKAGE="/Game/UI/MainMenu" FILE="D:/Unreal Engine Projects/VisualStory/Content/UI/MainMenu.uasset" SILENT=true
[2014.10.24-15.22.15:745][  7]LogSavePackage: Save=11.754832ms
[2014.10.24-15.22.15:745][  7]LogSavePackage: Moving 'D:/Unreal Engine Projects/VisualStory/Saved/MainMenu1A8B6D674D6138D6B96F48955CEE2166.tmp' to 'D:/Unreal Engine Projects/VisualStory/Content/UI/MainMenu.uasset'
[2014.10.24-15.22.21:271][463]LogSlate:Warning: GetFontFace failed to load or process 'Roboto-Regular'
[2014.10.24-15.22.21:271][463]LogSlate:Warning: GetFontFace failed to load or process 'Roboto-Regular'
[2014.10.24-15.22.21:271][463]LogSlate:Warning: GetFontFace failed to load or process 'Roboto-Regular'
[2014.10.24-15.22.21:271][463]LogSlate:Warning: GetFontFace failed to load or process 'Roboto-Regular'
[2014.10.24-15.22.21:271][463]LogSlate:Warning: GetFontFace failed to load or process 'Roboto-Regular'
[2014.10.24-15.22.21:271][463]LogSlate:Warning: GetFontFace failed to load or process 'Roboto-Regular'
[2014.10.24-15.22.21:271][463]LogSlate:Warning: GetFontFace failed to load or process 'Roboto-Regular'
[2014.10.24-15.22.21:271][463]LogSlate:Warning: GetFontFace failed to load or process 'Roboto-Regular'
[2014.10.24-15.22.21:271][463]LogSlate:Warning: GetFontFace failed to load or process 'Roboto-Regular'
[2014.10.24-15.22.21:271][463]LogSlate:Warning: GetFontFace failed to load or process 'Roboto-Regular'
[2014.10.24-15.22.21:272][463]LogSlate:Warning: GetFontFace failed to load or process 'Roboto-Regular'
[2014.10.24-15.22.21:272][463]LogSlate:Warning: GetFontFace failed to load or process 'Roboto-Regular'
[2014.10.24-15.22.21:272][463]LogSlate:Warning: GetFontFace failed to load or process 'Roboto-Regular'
[2014.10.24-15.22.21:272][463]LogSlate:Warning: GetFontFace failed to load or process 'Roboto-Regular'
[2014.10.24-15.22.21:272][463]LogSlate:Warning: GetFontFace failed to load or process 'Roboto-Regular'
[2014.10.24-15.22.21:272][463]LogSlate:Warning: GetFontFace failed to load or process 'Roboto-Regular'
[2014.10.24-15.22.21:272][463]LogSlate:Warning: GetFontFace failed to load or process 'Roboto-Regular'
[2014.10.24-15.22.21:272][463]LogSlate:Warning: GetFontFace failed to load or process 'Roboto-Regular'
[2014.10.24-15.22.21:272][463]LogSlate:Warning: GetFontFace failed to load or process 'Roboto-Regular'
[2014.10.24-15.23.09:339][651]LogSlate:Warning: GetFontFace failed to load or process 'Roboto-Regular'
[2014.10.24-15.23.09:339][651]LogSlate:Warning: GetFontFace failed to load or process 'Roboto-Regular'
[2014.10.24-15.23.09:339][651]LogSlate:Warning: GetFontFace failed to load or process 'Roboto-Regular'
[2014.10.24-15.23.09:339][651]LogSlate:Warning: GetFontFace failed to load or process 'Roboto-Regular'
[2014.10.24-15.24.20:919][861]LogFileHelpers: Editor autosave (incl. sublevels) for '/Game/Maps/Example_Map' took 0.025
[2014.10.24-15.24.20:947][861]OBJ SavePackage: Generating thumbnails for [0] asset(s) in package [/Game/UI/MainMenu] ([1] browsable assets)...
[2014.10.24-15.24.20:961][861]OBJ SavePackage: Finished generating thumbnails for package [/Game/UI/MainMenu]
[2014.10.24-15.24.20:963][861]Cmd: OBJ SAVEPACKAGE PACKAGE="/Game/UI/MainMenu" FILE="D:/Unreal Engine Projects/VisualStory/Saved/Autosaves/Game/UI/MainMenu_Auto1.uasset" SILENT=false AUTOSAVING=true
[2014.10.24-15.24.20:986][861]LogSavePackage: Save=10.519431ms
[2014.10.24-15.24.20:986][861]LogSavePackage: Moving 'D:/Unreal Engine Projects/VisualStory/Saved/MainMenu_Auto1CE5FEE224C2F7DD6D014F2A18BEAEB1F.tmp' to 'D:/Unreal Engine Projects/VisualStory/Saved/Autosaves/Game/UI/MainMenu_Auto1.uasset'
[2014.10.24-15.24.20:999][861]OBJ SavePackage: Generating thumbnails for [0] asset(s) in package [/Game/UI/Options] ([1] browsable assets)...
[2014.10.24-15.24.21:011][861]OBJ SavePackage: Finished generating thumbnails for package [/Game/UI/Options]
[2014.10.24-15.24.21:013][861]Cmd: OBJ SAVEPACKAGE PACKAGE="/Game/UI/Options" FILE="D:/Unreal Engine Projects/VisualStory/Saved/Autosaves/Game/UI/Options_Auto1.uasset" SILENT=false AUTOSAVING=true
[2014.10.24-15.24.21:033][861]LogSavePackage: Save=6.576358ms
[2014.10.24-15.24.21:033][861]LogSavePackage: Moving 'D:/Unreal Engine Projects/VisualStory/Saved/Options_Auto1C857678A44C092E7026C088839333445.tmp' to 'D:/Unreal Engine Projects/VisualStory/Saved/Autosaves/Game/UI/Options_Auto1.uasset'
[2014.10.24-15.24.21:037][861]LogFileHelpers: Auto-saving content packages took 0.118
[2014.10.24-15.25.46:332][579]BlueprintLog: New page: Compile Example_Map
[2014.10.24-15.25.46:394][579]BlueprintEditorCompileResults: Info [0729.30] Compile of Example_Map successful! [in 0 ms]
[2014.10.24-15.26.45:657][287]LogSlate:Warning: GetFontFace failed to load or process 'Roboto-Regular'
[2014.10.24-15.26.45:657][287]LogSlate:Warning: GetFontFace failed to load or process 'Roboto-Regular'
[2014.10.24-15.26.45:657][287]LogSlate:Warning: GetFontFace failed to load or process 'Roboto-Regular'
[2014.10.24-15.26.45:657][287]LogSlate:Warning: GetFontFace failed to load or process 'Roboto-Regular'
[2014.10.24-15.26.45:657][287]LogSlate:Warning: GetFontFace failed to load or process 'Roboto-Regular'
[2014.10.24-15.26.45:657][287]LogSlate:Warning: GetFontFace failed to load or process 'Roboto-Regular'
[2014.10.24-15.26.45:657][287]LogSlate:Warning: GetFontFace failed to load or process 'Roboto-Regular'
[2014.10.24-15.26.45:657][287]LogSlate:Warning: GetFontFace failed to load or process 'Roboto-Regular'
[2014.10.24-15.26.59:425][431]LogSlate:Warning: GetFontFace failed to load or process 'Roboto-Regular'
[2014.10.24-15.26.59:425][431]LogSlate:Warning: GetFontFace failed to load or process 'Roboto-Regular'
[2014.10.24-15.27.38:695][535]BlueprintLog: New page: Pre-PIE auto-recompile
[2014.10.24-15.27.38:695][535]LogPlayLevel: [PIE] Compiling Tutorial_BP_MacroLib before PIE...
[2014.10.24-15.27.38:736][535]LogPlayLevel: [PIE] Compiling Example_Map before PIE...
[2014.10.24-15.27.38:797][535]LogPlayLevel: PIE:  Blueprint regeneration took 102 ms (2 blueprints)
[2014.10.24-15.27.38:798][535]PIE: New page: PIE session: Example_Map (24 Oct 2014 17:27:38)
[2014.10.24-15.27.38:838][535]LogPlayLevel: PIE: StaticDuplicateObject took: (0.040839s)
[2014.10.24-15.27.38:839][535]LogPlayLevel: PIE: World Init took: (0.000794s)
[2014.10.24-15.27.38:839][535]LogPlayLevel: PIE: Created PIE world by copying editor world from /Game/Maps/Example_Map.Example_Map to /Game/Maps/UEDPIE_0_Example_Map.Example_Map (0.041868s)
[2014.10.24-15.27.38:875][535]LogWorld: Game class is 'MyGame_C'
[2014.10.24-15.27.38:876][535]LogAIModule: Creating AISystem for world Example_Map
[2014.10.24-15.27.38:877][535]LogWorld: Bringing World /Game/Maps/UEDPIE_0_Example_Map.Example_Map up for play (max tick rate 0) at 2014.10.24-16.27.38
[2014.10.24-15.27.38:877][535]LogWorld: Bringing up level for play took: 0.000966
[2014.10.24-15.27.38:882][535]PIE: Info Play in editor start time for /Game/Maps/UEDPIE_0_Example_Map -0.239
[2014.10.24-15.27.47:376][194]LogParticles: Destroying 0 GPU particle simulations for FXSystem 0x0000002C2AE16200
[2014.10.24-15.28.06:950][353]LightingResults: New page: Lighting Build
[2014.10.24-15.28.06:969][353]MapCheck: New page: Map Check
[2014.10.24-15.28.06:969][353]LightingResults: New page: Lighting Build
[2014.10.24-15.28.06:987][353]LogParticles: Destroying 0 GPU particle simulations for FXSystem 0x0000002C1BF9B920
[2014.10.24-15.28.06:992][353]LogAIModule: Creating AISystem for world NewWorld
[2014.10.24-15.28.06:993][353]LoadErrors: New page: New Map
[2014.10.24-15.28.10:196][696]LogPlayLevel: PIE:  No blueprints needed recompiling
[2014.10.24-15.28.10:196][696]PIE: New page: PIE session: Untitled_1 (24 Oct 2014 17:28:10)
[2014.10.24-15.28.10:196][696]LogPlayLevel: PIE: StaticDuplicateObject took: (0.000381s)
[2014.10.24-15.28.10:197][696]LogPlayLevel: PIE: World Init took: (0.000398s)
[2014.10.24-15.28.10:197][696]LogPlayLevel: PIE: Created PIE world by copying editor world from /Temp/Untitled_1.NewWorld to /Temp/UEDPIE_0_Untitled_1.NewWorld (0.000917s)
[2014.10.24-15.28.10:227][696]LogWorld: Game class is 'MyGame_C'
[2014.10.24-15.28.10:228][696]LogAIModule: Creating AISystem for world NewWorld
[2014.10.24-15.28.10:228][696]LogWorld: Bringing World /Temp/UEDPIE_0_Untitled_1.NewWorld up for play (max tick rate 0) at 2014.10.24-16.28.10
[2014.10.24-15.28.10:229][696]LogWorld: Bringing up level for play took: 0.000330
[2014.10.24-15.28.10:230][696]PIE: Info Play in editor start time for /Temp/UEDPIE_0_Untitled_1 -0.891
[2014.10.24-15.28.11:166][797]LogParticles: Destroying 0 GPU particle simulations for FXSystem 0x0000002C2B221DA0
[2014.10.24-15.28.12:854][977]LogInit: Transaction tracking system initialized
[2014.10.24-15.28.12:855][977]EditorErrors: New page: Matinee Initialization
[2014.10.24-15.28.54:499][924]LogSlate:Warning: Prevented a slow task dialog from being summoned while a context menu was open
[2014.10.24-15.29.03:596][712]BlueprintLog: New page: Compile Untitled
[2014.10.24-15.29.03:653][712]LogExit: Transaction tracking system shut down
[2014.10.24-15.29.03:658][712]LogParticles: Destroying 0 GPU particle simulations for FXSystem 0x0000002C18D991C0
[2014.10.24-15.29.03:662][712]BlueprintEditorCompileResults: Info [0926.56] Compile of Untitled successful! [in 1 ms]
[2014.10.24-15.29.05:883][844]BlueprintLog: New page: Pre-PIE auto-recompile
[2014.10.24-15.29.05:887][844]LogPlayLevel: [PIE] Compiling Untitled before PIE...
[2014.10.24-15.29.05:939][844]LogPlayLevel: PIE:  Blueprint regeneration took 56 ms (1 blueprints)
[2014.10.24-15.29.05:940][844]PIE: New page: PIE session: Untitled_1 (24 Oct 2014 17:29:05)
[2014.10.24-15.29.05:941][844]LogPlayLevel: PIE: StaticDuplicateObject took: (0.001448s)
[2014.10.24-15.29.05:942][844]LogPlayLevel: PIE: World Init took: (0.000419s)
[2014.10.24-15.29.05:942][844]LogPlayLevel: PIE: Created PIE world by copying editor world from /Temp/Untitled_1.NewWorld to /Temp/UEDPIE_0_Untitled_1.NewWorld (0.001974s)
[2014.10.24-15.29.05:974][844]LogWorld: Game class is 'MyGame_C'
[2014.10.24-15.29.05:975][844]LogAIModule: Creating AISystem for world NewWorld
[2014.10.24-15.29.05:975][844]LogWorld: Bringing World /Temp/UEDPIE_0_Untitled_1.NewWorld up for play (max tick rate 0) at 2014.10.24-16.29.05
[2014.10.24-15.29.05:975][844]LogWorld: Bringing up level for play took: 0.000309
[2014.10.24-15.29.05:978][844]PIE: Info Play in editor start time for /Temp/UEDPIE_0_Untitled_1 0.857
[2014.10.24-15.29.12:863][437]LogParticles: Destroying 0 GPU particle simulations for FXSystem 0x0000002C26870FE0
[2014.10.24-15.29.14:704][614]BlueprintLog: New page: Pre-PIE auto-recompile
[2014.10.24-15.29.14:708][614]LogPlayLevel: [PIE] Compiling Untitled before PIE...
[2014.10.24-15.29.14:759][614]LogPlayLevel: PIE:  Blueprint regeneration took 55 ms (1 blueprints)
[2014.10.24-15.29.14:760][614]PIE: New page: PIE session: Untitled_1 (24 Oct 2014 17:29:14)
[2014.10.24-15.29.14:760][614]LogPlayLevel: PIE: StaticDuplicateObject took: (0.000745s)
[2014.10.24-15.29.14:761][614]LogPlayLevel: PIE: World Init took: (0.000500s)
[2014.10.24-15.29.14:761][614]LogPlayLevel: PIE: Created PIE world by copying editor world from /Temp/Untitled_1.NewWorld to /Temp/UEDPIE_0_Untitled_1.NewWorld (0.001414s)
[2014.10.24-15.29.14:790][614]LogWorld: Game class is 'MyGame_C'
[2014.10.24-15.29.14:791][614]LogAIModule: Creating AISystem for world NewWorld
[2014.10.24-15.29.14:791][614]LogWorld: Bringing World /Temp/UEDPIE_0_Untitled_1.NewWorld up for play (max tick rate 0) at 2014.10.24-16.29.14
[2014.10.24-15.29.14:791][614]LogWorld: Bringing up level for play took: 0.000306
[2014.10.24-15.29.14:793][614]PIE: Info Play in editor start time for /Temp/UEDPIE_0_Untitled_1 -0.327
[2014.10.24-15.29.16:149][748]LogParticles: Destroying 0 GPU particle simulations for FXSystem 0x0000002C2462ADE0
[2014.10.24-15.30.21:796][ 33]LogFactory: FactoryCreateBinary: Texture with TextureFactory (0 0 C:\Users\Master\Pictures\Daily-horror-wallpapers-2013-1.jpg)
[2014.10.24-15.30.23:467][ 33]0.000368 seconds to analyze Texture2D /Game/UI/Daily-horror-wallpapers-2013-1.Daily-horror-wallpapers-2013-1

[2014.10.24-15.30.23:472][ 33]LogTexture:Display: Building textures: Daily-horror-wallpapers-2013-1 (AutoDXT)
[2014.10.24-15.30.23:770][ 33]LogContentBrowser:Verbose: The content browser source was changed by the sources view to 'None'
[2014.10.24-15.30.23:770][ 33]LogContentBrowser:Verbose: The content browser source was changed by the sources view to '/Game/UI'
[2014.10.24-15.30.42:444][209]LogWindowsTextInputMethodSystem:Error: Deactivating a context failed while setting focus to the disabled TSF document manager.
[2014.10.24-15.30.54:069][969]BlueprintLog: New page: Compile MainMenu
[2014.10.24-15.30.54:163][969]BlueprintEditorCompileResults: Info [1037.04] Compile of MainMenu successful! [in 2 ms]
[2014.10.24-15.30.54:943][ 17]Cmd: OBJ SAVEPACKAGE PACKAGE="/Game/UI/MainMenu" FILE="D:/Unreal Engine Projects/VisualStory/Content/UI/MainMenu.uasset" SILENT=true
[2014.10.24-15.30.54:957][ 17]LogSavePackage: Save=10.850817ms
[2014.10.24-15.30.54:957][ 17]LogSavePackage: Moving 'D:/Unreal Engine Projects/VisualStory/Saved/MainMenuC1A4AABF43D28E3D7F2820A8980942AF.tmp' to 'D:/Unreal Engine Projects/VisualStory/Content/UI/MainMenu.uasset'
[2014.10.24-15.30.58:514][284]BlueprintLog: New page: Pre-PIE auto-recompile
[2014.10.24-15.30.58:517][284]LogPlayLevel: [PIE] Compiling Untitled before PIE...
[2014.10.24-15.30.58:570][284]LogPlayLevel: PIE:  Blueprint regeneration took 56 ms (1 blueprints)
[2014.10.24-15.30.58:571][284]PIE: New page: PIE session: Untitled_1 (24 Oct 2014 17:30:58)
[2014.10.24-15.30.58:571][284]LogPlayLevel: PIE: StaticDuplicateObject took: (0.000683s)
[2014.10.24-15.30.58:572][284]LogPlayLevel: PIE: World Init took: (0.000413s)
[2014.10.24-15.30.58:572][284]LogPlayLevel: PIE: Created PIE world by copying editor world from /Temp/Untitled_1.NewWorld to /Temp/UEDPIE_0_Untitled_1.NewWorld (0.001208s)
[2014.10.24-15.30.58:600][284]LogWorld: Game class is 'MyGame_C'
[2014.10.24-15.30.58:601][284]LogAIModule: Creating AISystem for world NewWorld
[2014.10.24-15.30.58:601][284]LogWorld: Bringing World /Temp/UEDPIE_0_Untitled_1.NewWorld up for play (max tick rate 0) at 2014.10.24-16.30.58
[2014.10.24-15.30.58:601][284]LogWorld: Bringing up level for play took: 0.000315
[2014.10.24-15.30.58:603][284]PIE: Info Play in editor start time for /Temp/UEDPIE_0_Untitled_1 -0.518
[2014.10.24-15.31.02:655][756]LogParticles: Destroying 0 GPU particle simulations for FXSystem 0x0000002C22DB2200
[2014.10.24-15.31.13:408][587]Cmd: OBJ SAVEPACKAGE PACKAGE="/Game/UI/MainMenu" FILE="D:/Unreal Engine Projects/VisualStory/Content/UI/MainMenu.uasset" SILENT=true
[2014.10.24-15.31.13:422][587]LogSavePackage: Save=10.842065ms
[2014.10.24-15.31.13:422][587]LogSavePackage: Moving 'D:/Unreal Engine Projects/VisualStory/Saved/MainMenu032F233849B3600BE2CF36AEC54FC70C.tmp' to 'D:/Unreal Engine Projects/VisualStory/Content/UI/MainMenu.uasset'
[2014.10.24-15.31.16:048][752]LogWindowsTextInputMethodSystem:Error: Deactivating a context failed while setting focus to the disabled TSF document manager.
[2014.10.24-15.31.16:048][752]LogWindowsTextInputMethodSystem:Error: Deactivating a context failed while setting focus to the disabled TSF document manager.
[2014.10.24-15.31.21:124][752]LogWindowsTextInputMethodSystem:Error: Deactivating a context failed while setting focus to the disabled TSF document manager.
[2014.10.24-15.31.21:124][752]LogWindowsTextInputMethodSystem:Error: Deactivating a context failed while setting focus to the disabled TSF document manager.
[2014.10.24-15.31.21:553][752]Cmd: OBJ SAVEPACKAGE PACKAGE="/Game/Maps/MainMenu" FILE="D:/Unreal Engine Projects/VisualStory/Content/Maps/MainMenu.umap" SILENT=true AUTOSAVING=false KEEPDIRTY=false
[2014.10.24-15.31.21:592][752]LogSavePackage: Save=18.046772ms
[2014.10.24-15.31.21:592][752]LogSavePackage: Moving 'D:/Unreal Engine Projects/VisualStory/Saved/MainMenuE6612C3446CD846BEC2AA49E3621B21D.tmp' to 'D:/Unreal Engine Projects/VisualStory/Content/Maps/MainMenu.umap'
[2014.10.24-15.31.21:623][752]LogFileHelpers: Saving map 'MainMenu' took 0.404
[2014.10.24-15.31.24:206][968]BlueprintLog: New page: Pre-PIE auto-recompile
[2014.10.24-15.31.24:209][968]LogPlayLevel: [PIE] Compiling MainMenu before PIE...
[2014.10.24-15.31.24:265][968]LogPlayLevel: PIE:  Blueprint regeneration took 58 ms (1 blueprints)
[2014.10.24-15.31.24:265][968]PIE: New page: PIE session: MainMenu (24 Oct 2014 17:31:24)
[2014.10.24-15.31.24:266][968]LogPlayLevel: PIE: StaticDuplicateObject took: (0.000669s)
[2014.10.24-15.31.24:266][968]LogPlayLevel: PIE: World Init took: (0.000414s)
[2014.10.24-15.31.24:266][968]LogPlayLevel: PIE: Created PIE world by copying editor world from /Game/Maps/MainMenu.MainMenu to /Game/Maps/UEDPIE_0_MainMenu.MainMenu (0.001208s)
[2014.10.24-15.31.24:315][968]LogWorld: Game class is 'MyGame_C'
[2014.10.24-15.31.24:317][968]LogAIModule: Creating AISystem for world MainMenu
[2014.10.24-15.31.24:317][968]LogWorld: Bringing World /Game/Maps/UEDPIE_0_MainMenu.MainMenu up for play (max tick rate 0) at 2014.10.24-16.31.24
[2014.10.24-15.31.24:317][968]LogWorld: Bringing up level for play took: 0.000431
[2014.10.24-15.31.24:319][968]PIE: Info Play in editor start time for /Game/Maps/UEDPIE_0_MainMenu -0.801
[2014.10.24-15.31.26:229][187]LogParticles: Destroying 0 GPU particle simulations for FXSystem 0x0000002C35651260
[2014.10.24-15.31.57:144][446]LogEditorActor: Deleted Actor: PointLight
[2014.10.24-15.31.57:162][446]LogEditorActor: Deleted 1 Actors (0.019 secs)
[2014.10.24-15.31.57:772][517]LogEditorActor: Deleted Actor: SkyLight
[2014.10.24-15.31.57:789][517]LogEditorActor: Deleted 1 Actors (0.017 secs)
[2014.10.24-15.31.58:892][642]BlueprintLog: New page: Pre-PIE auto-recompile
[2014.10.24-15.31.58:895][642]LogPlayLevel: [PIE] Compiling MainMenu before PIE...
[2014.10.24-15.31.58:949][642]LogPlayLevel: PIE:  Blueprint regeneration took 56 ms (1 blueprints)
[2014.10.24-15.31.58:949][642]PIE: New page: PIE session: MainMenu (24 Oct 2014 17:31:58)
[2014.10.24-15.31.58:950][642]LogPlayLevel: PIE: StaticDuplicateObject took: (0.000768s)
[2014.10.24-15.31.58:950][642]LogPlayLevel: PIE: World Init took: (0.000391s)
[2014.10.24-15.31.58:950][642]LogPlayLevel: PIE: Created PIE world by copying editor world from /Game/Maps/MainMenu.MainMenu to /Game/Maps/UEDPIE_0_MainMenu.MainMenu (0.001274s)
[2014.10.24-15.31.58:979][642]LogWorld: Game class is 'MyGame_C'
[2014.10.24-15.31.58:980][642]LogAIModule: Creating AISystem for world MainMenu
[2014.10.24-15.31.58:980][642]LogWorld: Bringing World /Game/Maps/UEDPIE_0_MainMenu.MainMenu up for play (max tick rate 0) at 2014.10.24-16.31.58
[2014.10.24-15.31.58:981][642]LogWorld: Bringing up level for play took: 0.000319
[2014.10.24-15.31.58:982][642]PIE: Info Play in editor start time for /Game/Maps/UEDPIE_0_MainMenu -0.139
[2014.10.24-15.32.01:983][992]LogParticles: Destroying 0 GPU particle simulations for FXSystem 0x0000002C1E345760
[2014.10.24-15.32.13:850][390]Cmd: STAT FPS
[2014.10.24-15.32.17:671][836]LogEditorViewport: Clicking Background
[2014.10.24-15.32.20:338][128]LogRenderer:Warning: Reallocating scene render targets to support 1864x1032.
[2014.10.24-15.32.20:426][129]LogRenderer:Warning: Reallocating scene render targets to support 1920x1040.
[2014.10.24-15.32.34:811][625]LogSlateStyle:Warning: Unable to find Slate Widget Style 'ViewportLayoutToolbar.Label'. Using FTextBlockStyle defaults instead.
[2014.10.24-15.32.34:812][625]LogSlateStyle:Warning: Unable to find Slate Widget Style 'ViewportLayoutToolbar.Button'. Using FButtonStyle defaults instead.
[2014.10.24-15.32.34:812][625]LogSlateStyle:Warning: Unable to find Slate Widget Style 'ViewportLayoutToolbar.Label'. Using FTextBlockStyle defaults instead.
[2014.10.24-15.32.34:812][625]LogSlateStyle:Warning: Unable to find Slate Widget Style 'ViewportLayoutToolbar.Label'. Using FTextBlockStyle defaults instead.
[2014.10.24-15.32.34:812][625]LogSlateStyle:Warning: Unable to find Slate Widget Style 'ViewportLayoutToolbar.Button'. Using FButtonStyle defaults instead.
[2014.10.24-15.32.34:812][625]LogSlateStyle:Warning: Unable to find Slate Widget Style 'ViewportLayoutToolbar.Label'. Using FTextBlockStyle defaults instead.
[2014.10.24-15.32.34:813][625]LogSlateStyle:Warning: Unable to find Slate Widget Style 'ViewportLayoutToolbar.Label'. Using FTextBlockStyle defaults instead.
[2014.10.24-15.32.34:813][625]LogSlateStyle:Warning: Unable to find Slate Widget Style 'ViewportLayoutToolbar.Label'. Using FTextBlockStyle defaults instead.
[2014.10.24-15.32.34:813][625]LogSlateStyle:Warning: Unable to find Slate Widget Style 'ViewportLayoutToolbar.Label'. Using FTextBlockStyle defaults instead.
[2014.10.24-15.32.34:813][625]LogSlateStyle:Warning: Unable to find Slate Widget Style 'ViewportLayoutToolbar.Button'. Using FButtonStyle defaults instead.
[2014.10.24-15.32.34:814][625]LogSlateStyle:Warning: Unable to find Slate Widget Style 'ViewportLayoutToolbar.Label'. Using FTextBlockStyle defaults instead.
[2014.10.24-15.32.34:814][625]LogSlateStyle:Warning: Unable to find Slate Widget Style 'ViewportLayoutToolbar.Label'. Using FTextBlockStyle defaults instead.
[2014.10.24-15.32.34:814][625]LogSlateStyle:Warning: Unable to find Slate Widget Style 'ViewportLayoutToolbar.Label'. Using FTextBlockStyle defaults instead.
[2014.10.24-15.32.34:814][625]LogSlateStyle:Warning: Unable to find Slate Widget Style 'ViewportLayoutToolbar.Label'. Using FTextBlockStyle defaults instead.
[2014.10.24-15.32.34:814][625]LogSlateStyle:Warning: Unable to find Slate Widget Style 'ViewportLayoutToolbar.Label'. Using FTextBlockStyle defaults instead.
[2014.10.24-15.32.34:814][625]LogSlateStyle:Warning: Unable to find Slate Widget Style 'ViewportLayoutToolbar.Button'. Using FButtonStyle defaults instead.
[2014.10.24-15.32.42:926][529]LogSlateStyle:Warning: Unable to find Slate Widget Style 'ViewportLayoutToolbar.Label'. Using FTextBlockStyle defaults instead.
[2014.10.24-15.32.42:926][529]LogSlateStyle:Warning: Unable to find Slate Widget Style 'ViewportLayoutToolbar.Button'. Using FButtonStyle defaults instead.
[2014.10.24-15.32.42:926][529]LogSlateStyle:Warning: Unable to find Slate Widget Style 'ViewportLayoutToolbar.Label'. Using FTextBlockStyle defaults instead.
[2014.10.24-15.32.42:926][529]LogSlateStyle:Warning: Unable to find Slate Widget Style 'ViewportLayoutToolbar.Label'. Using FTextBlockStyle defaults instead.
[2014.10.24-15.32.42:927][529]LogSlateStyle:Warning: Unable to find Slate Widget Style 'ViewportLayoutToolbar.Button'. Using FButtonStyle defaults instead.
[2014.10.24-15.32.42:927][529]LogSlateStyle:Warning: Unable to find Slate Widget Style 'ViewportLayoutToolbar.Label'. Using FTextBlockStyle defaults instead.
[2014.10.24-15.32.42:927][529]LogSlateStyle:Warning: Unable to find Slate Widget Style 'ViewportLayoutToolbar.Label'. Using FTextBlockStyle defaults instead.
[2014.10.24-15.32.42:927][529]LogSlateStyle:Warning: Unable to find Slate Widget Style 'ViewportLayoutToolbar.Label'. Using FTextBlockStyle defaults instead.
[2014.10.24-15.32.42:927][529]LogSlateStyle:Warning: Unable to find Slate Widget Style 'ViewportLayoutToolbar.Label'. Using FTextBlockStyle defaults instead.
[2014.10.24-15.32.42:928][529]LogSlateStyle:Warning: Unable to find Slate Widget Style 'ViewportLayoutToolbar.Button'. Using FButtonStyle defaults instead.
[2014.10.24-15.32.42:928][529]LogSlateStyle:Warning: Unable to find Slate Widget Style 'ViewportLayoutToolbar.Label'. Using FTextBlockStyle defaults instead.
[2014.10.24-15.32.42:928][529]LogSlateStyle:Warning: Unable to find Slate Widget Style 'ViewportLayoutToolbar.Label'. Using FTextBlockStyle defaults instead.
[2014.10.24-15.32.42:928][529]LogSlateStyle:Warning: Unable to find Slate Widget Style 'ViewportLayoutToolbar.Label'. Using FTextBlockStyle defaults instead.
[2014.10.24-15.32.42:928][529]LogSlateStyle:Warning: Unable to find Slate Widget Style 'ViewportLayoutToolbar.Label'. Using FTextBlockStyle defaults instead.
[2014.10.24-15.32.42:929][529]LogSlateStyle:Warning: Unable to find Slate Widget Style 'ViewportLayoutToolbar.Label'. Using FTextBlockStyle defaults instead.
[2014.10.24-15.32.42:929][529]LogSlateStyle:Warning: Unable to find Slate Widget Style 'ViewportLayoutToolbar.Button'. Using FButtonStyle defaults instead.
[2014.10.24-15.32.42:981][531]LogSlateStyle:Warning: Unable to find Slate Widget Style 'ViewportLayoutToolbar.Label'. Using FTextBlockStyle defaults instead.
[2014.10.24-15.32.42:982][531]LogSlateStyle:Warning: Unable to find Slate Widget Style 'ViewportLayoutToolbar.Button'. Using FButtonStyle defaults instead.
[2014.10.24-15.32.42:982][531]LogSlateStyle:Warning: Unable to find Slate Widget Style 'ViewportLayoutToolbar.Label'. Using FTextBlockStyle defaults instead.
[2014.10.24-15.32.42:982][531]LogSlateStyle:Warning: Unable to find Slate Widget Style 'ViewportLayoutToolbar.Label'. Using FTextBlockStyle defaults instead.
[2014.10.24-15.32.42:982][531]LogSlateStyle:Warning: Unable to find Slate Widget Style 'ViewportLayoutToolbar.Button'. Using FButtonStyle defaults instead.
[2014.10.24-15.32.42:983][531]LogSlateStyle:Warning: Unable to find Slate Widget Style 'ViewportLayoutToolbar.Label'. Using FTextBlockStyle defaults instead.
[2014.10.24-15.32.42:983][531]LogSlateStyle:Warning: Unable to find Slate Widget Style 'ViewportLayoutToolbar.Label'. Using FTextBlockStyle defaults instead.
[2014.10.24-15.32.42:983][531]LogSlateStyle:Warning: Unable to find Slate Widget Style 'ViewportLayoutToolbar.Label'. Using FTextBlockStyle defaults instead.
[2014.10.24-15.32.42:983][531]LogSlateStyle:Warning: Unable to find Slate Widget Style 'ViewportLayoutToolbar.Label'. Using FTextBlockStyle defaults instead.
[2014.10.24-15.32.42:983][531]LogSlateStyle:Warning: Unable to find Slate Widget Style 'ViewportLayoutToolbar.Button'. Using FButtonStyle defaults instead.
[2014.10.24-15.32.42:984][531]LogSlateStyle:Warning: Unable to find Slate Widget Style 'ViewportLayoutToolbar.Label'. Using FTextBlockStyle defaults instead.
[2014.10.24-15.32.42:984][531]LogSlateStyle:Warning: Unable to find Slate Widget Style 'ViewportLayoutToolbar.Label'. Using FTextBlockStyle defaults instead.
[2014.10.24-15.32.42:984][531]LogSlateStyle:Warning: Unable to find Slate Widget Style 'ViewportLayoutToolbar.Label'. Using FTextBlockStyle defaults instead.
[2014.10.24-15.32.42:984][531]LogSlateStyle:Warning: Unable to find Slate Widget Style 'ViewportLayoutToolbar.Label'. Using FTextBlockStyle defaults instead.
[2014.10.24-15.32.42:984][531]LogSlateStyle:Warning: Unable to find Slate Widget Style 'ViewportLayoutToolbar.Label'. Using FTextBlockStyle defaults instead.
[2014.10.24-15.32.42:985][531]LogSlateStyle:Warning: Unable to find Slate Widget Style 'ViewportLayoutToolbar.Button'. Using FButtonStyle defaults instead.
[2014.10.24-15.32.46:225][914]LogEditorViewport: Clicking on Actor (LMB): MatineeActor (MatineeActor)
[2014.10.24-15.32.49:204][238]Cmd: DELETE
[2014.10.24-15.32.49:205][238]Cmd: ACTOR DELETE
[2014.10.24-15.32.49:206][238]LogEditorActor: Deleted Actor: MatineeActor
[2014.10.24-15.32.49:223][238]LogEditorActor: Deleted 1 Actors (0.018 secs)
[2014.10.24-15.32.51:827][548]BlueprintLog: New page: Pre-PIE auto-recompile
[2014.10.24-15.32.51:829][548]LogPlayLevel: [PIE] Compiling MainMenu before PIE...
[2014.10.24-15.32.51:883][548]LogPlayLevel: PIE:  Blueprint regeneration took 56 ms (1 blueprints)
[2014.10.24-15.32.51:883][548]PIE: New page: PIE session: MainMenu (24 Oct 2014 17:32:51)
[2014.10.24-15.32.51:884][548]LogPlayLevel: PIE: StaticDuplicateObject took: (0.000606s)
[2014.10.24-15.32.51:884][548]LogPlayLevel: PIE: World Init took: (0.000410s)
[2014.10.24-15.32.51:884][548]LogPlayLevel: PIE: Created PIE world by copying editor world from /Game/Maps/MainMenu.MainMenu to /Game/Maps/UEDPIE_0_MainMenu.MainMenu (0.001124s)
[2014.10.24-15.32.51:912][548]LogWorld: Game class is 'MyGame_C'
[2014.10.24-15.32.51:913][548]LogAIModule: Creating AISystem for world MainMenu
[2014.10.24-15.32.51:914][548]LogWorld: Bringing World /Game/Maps/UEDPIE_0_MainMenu.MainMenu up for play (max tick rate 0) at 2014.10.24-16.32.51
[2014.10.24-15.32.51:914][548]LogWorld: Bringing up level for play took: 0.000315
[2014.10.24-15.32.51:916][548]PIE: Info Play in editor start time for /Game/Maps/UEDPIE_0_MainMenu 0.795
[2014.10.24-15.32.57:836][210]LogParticles: Destroying 0 GPU particle simulations for FXSystem 0x0000002C2DADCCC0
[2014.10.24-15.32.59:813][443]LogEditorViewport: Clicking Background
[2014.10.24-15.33.01:260][606]LogEditorViewport: Clicking Background
[2014.10.24-15.33.06:796][248]Cmd: OBJ SAVEPACKAGE PACKAGE="/Game/Maps/MainMenu" FILE="D:/Unreal Engine Projects/VisualStory/Content/Maps/MainMenu.umap" SILENT=true AUTOSAVING=false KEEPDIRTY=false
[2014.10.24-15.33.06:840][248]LogSavePackage: Save=17.845198ms
[2014.10.24-15.33.06:840][248]LogSavePackage: Moving 'D:/Unreal Engine Projects/VisualStory/Saved/MainMenu6BD34EAE4346C0A26533A59ECA7FF303.tmp' to 'D:/Unreal Engine Projects/VisualStory/Content/Maps/MainMenu.umap'
[2014.10.24-15.33.18:357][405]Cmd: MAP LOAD FILE="../../../Engine/Content/Maps/Templates/Template_Default.umap" TEMPLATE=1 SHOWPROGRESS=1
[2014.10.24-15.33.18:359][405]LightingResults: New page: Lighting Build
[2014.10.24-15.33.18:392][405]LoadErrors: New page: Loading map: Template_Default.umap
[2014.10.24-15.33.18:408][405]MapCheck: New page: Map Check
[2014.10.24-15.33.18:408][405]LightingResults: New page: Lighting Build
[2014.10.24-15.33.18:423][405]LogParticles: Destroying 0 GPU particle simulations for FXSystem 0x0000002C2B7853A0
[2014.10.24-15.33.18:469][405]LogEditorServer: Finished looking for orphan Actors (0.000 secs)
[2014.10.24-15.33.18:469][405]LogAIModule: Creating AISystem for world Untitled_2
[2014.10.24-15.33.18:469][405]Cmd: MAP CHECKDEP
[2014.10.24-15.33.18:469][405]MapCheck: New page: Untitled_2 - 24 Oct 2014 17:33:18
[2014.10.24-15.33.18:554][405]MapCheck: Info Map check complete: 0 Error(s), 0 Warning(s), took 84.479ms to complete.
[2014.10.24-15.33.18:554][405]LogFileHelpers: Loading map 'Template_Default' took 0.198
[2014.10.24-15.33.22:121][796]LogSlateStyle:Warning: Unable to find Slate Widget Style 'ViewportLayoutToolbar.Label'. Using FTextBlockStyle defaults instead.
[2014.10.24-15.33.22:121][796]LogSlateStyle:Warning: Unable to find Slate Widget Style 'ViewportLayoutToolbar.Button'. Using FButtonStyle defaults instead.
[2014.10.24-15.33.22:121][796]LogSlateStyle:Warning: Unable to find Slate Widget Style 'ViewportLayoutToolbar.Label'. Using FTextBlockStyle defaults instead.
[2014.10.24-15.33.22:121][796]LogSlateStyle:Warning: Unable to find Slate Widget Style 'ViewportLayoutToolbar.Label'. Using FTextBlockStyle defaults instead.
[2014.10.24-15.33.22:121][796]LogSlateStyle:Warning: Unable to find Slate Widget Style 'ViewportLayoutToolbar.Button'. Using FButtonStyle defaults instead.
[2014.10.24-15.33.22:122][796]LogSlateStyle:Warning: Unable to find Slate Widget Style 'ViewportLayoutToolbar.Label'. Using FTextBlockStyle defaults instead.
[2014.10.24-15.33.22:122][796]LogSlateStyle:Warning: Unable to find Slate Widget Style 'ViewportLayoutToolbar.Label'. Using FTextBlockStyle defaults instead.
[2014.10.24-15.33.22:122][796]LogSlateStyle:Warning: Unable to find Slate Widget Style 'ViewportLayoutToolbar.Label'. Using FTextBlockStyle defaults instead.
[2014.10.24-15.33.22:123][796]LogSlateStyle:Warning: Unable to find Slate Widget Style 'ViewportLayoutToolbar.Label'. Using FTextBlockStyle defaults instead.
[2014.10.24-15.33.22:123][796]LogSlateStyle:Warning: Unable to find Slate Widget Style 'ViewportLayoutToolbar.Button'. Using FButtonStyle defaults instead.
[2014.10.24-15.33.22:123][796]LogSlateStyle:Warning: Unable to find Slate Widget Style 'ViewportLayoutToolbar.Label'. Using FTextBlockStyle defaults instead.
[2014.10.24-15.33.22:124][796]LogSlateStyle:Warning: Unable to find Slate Widget Style 'ViewportLayoutToolbar.Label'. Using FTextBlockStyle defaults instead.
[2014.10.24-15.33.22:124][796]LogSlateStyle:Warning: Unable to find Slate Widget Style 'ViewportLayoutToolbar.Label'. Using FTextBlockStyle defaults instead.
[2014.10.24-15.33.22:124][796]LogSlateStyle:Warning: Unable to find Slate Widget Style 'ViewportLayoutToolbar.Label'. Using FTextBlockStyle defaults instead.
[2014.10.24-15.33.22:124][796]LogSlateStyle:Warning: Unable to find Slate Widget Style 'ViewportLayoutToolbar.Label'. Using FTextBlockStyle defaults instead.
[2014.10.24-15.33.22:125][796]LogSlateStyle:Warning: Unable to find Slate Widget Style 'ViewportLayoutToolbar.Button'. Using FButtonStyle defaults instead.
[2014.10.24-15.33.28:819][495]LogWindowsTextInputMethodSystem:Error: Deactivating a context failed while setting focus to the disabled TSF document manager.
[2014.10.24-15.33.28:819][495]LogWindowsTextInputMethodSystem:Error: Deactivating a context failed while setting focus to the disabled TSF document manager.
[2014.10.24-15.33.31:282][495]LogWindowsTextInputMethodSystem:Error: Deactivating a context failed while setting focus to the disabled TSF document manager.
[2014.10.24-15.33.31:282][495]LogWindowsTextInputMethodSystem:Error: Deactivating a context failed while setting focus to the disabled TSF document manager.
[2014.10.24-15.34.09:418][495]LogWindowsTextInputMethodSystem:Error: Deactivating a context failed while setting focus to the disabled TSF document manager.
[2014.10.24-15.34.09:418][495]LogWindowsTextInputMethodSystem:Error: Deactivating a context failed while setting focus to the disabled TSF document manager.
[2014.10.24-15.34.09:640][495]Cmd: OBJ SAVEPACKAGE PACKAGE="/Game/Maps/ZackAppartment" FILE="D:/Unreal Engine Projects/VisualStory/Content/Maps/ZackAppartment.umap" SILENT=true AUTOSAVING=false KEEPDIRTY=false
[2014.10.24-15.34.09:681][495]LogSavePackage: Save=20.020205ms
[2014.10.24-15.34.09:681][495]LogSavePackage: Moving 'D:/Unreal Engine Projects/VisualStory/Saved/ZackAppartment67D819474B38188A2130B7B67D296043.tmp' to 'D:/Unreal Engine Projects/VisualStory/Content/Maps/ZackAppartment.umap'
[2014.10.24-15.34.09:698][495]LogFileHelpers: Saving map 'ZackAppartment' took 0.180
[2014.10.24-15.34.20:049][621]LogPlayLevel: PIE:  No blueprints needed recompiling
[2014.10.24-15.34.20:050][621]PIE: New page: PIE session: ZackAppartment (24 Oct 2014 17:34:20)
[2014.10.24-15.34.20:051][621]LogPlayLevel: PIE: StaticDuplicateObject took: (0.001056s)
[2014.10.24-15.34.20:051][621]LogPlayLevel: PIE: World Init took: (0.000491s)
[2014.10.24-15.34.20:051][621]LogPlayLevel: PIE: Created PIE world by copying editor world from /Game/Maps/ZackAppartment.ZackAppartment to /Game/Maps/UEDPIE_0_ZackAppartment.ZackAppartment (0.001702s)
[2014.10.24-15.34.20:098][621]LogWorld: Game class is 'MyGame_C'
[2014.10.24-15.34.20:099][621]LogAIModule: Creating AISystem for world ZackAppartment
[2014.10.24-15.34.20:100][621]LogWorld: Bringing World /Game/Maps/UEDPIE_0_ZackAppartment.ZackAppartment up for play (max tick rate 0) at 2014.10.24-16.34.20
[2014.10.24-15.34.20:100][621]LogWorld: Bringing up level for play took: 0.000527
[2014.10.24-15.34.20:107][621]PIE: Info Play in editor start time for /Game/Maps/UEDPIE_0_ZackAppartment 0.986
[2014.10.24-15.34.31:557][980]LogParticles: Destroying 0 GPU particle simulations for FXSystem 0x0000002C15F282C0
[2014.10.24-15.34.42:851][210]LogEditorViewport: Clicking on Actor (LMB): StaticMeshActor (SM_Template_Map_Floor)
[2014.10.24-15.34.53:665][101]LogEditorViewport: Clicking on Actor (LMB): StaticMeshActor (SM_Template_Map_Floor)
[2014.10.24-15.34.54:414][182]Cmd: DELETE
[2014.10.24-15.34.54:414][182]Cmd: ACTOR DELETE
[2014.10.24-15.34.54:426][182]LogEditorActor: Deleted Actor: StaticMeshActor
[2014.10.24-15.34.54:443][182]LogEditorActor: Deleted 1 Actors (0.030 secs)
[2014.10.24-15.35.01:182][921]Cmd: BRUSH ADD SELECTNEWBRUSH
[2014.10.24-15.35.29:362][857]LogWindowsTextInputMethodSystem:Error: Deactivating a context failed while setting focus to the disabled TSF document manager.
[2014.10.24-15.35.55:744][810]LogWindowsTextInputMethodSystem:Error: Deactivating a context failed while setting focus to the disabled TSF document manager.
[2014.10.24-15.36.03:997][705]LogWindowsTextInputMethodSystem:Error: Deactivating a context failed while setting focus to the disabled TSF document manager.
[2014.10.24-15.36.12:007][565]LogContentBrowser:Verbose: The content browser source was changed by the sources view to '/Game/Blueprints'
[2014.10.24-15.36.12:851][636]LogContentBrowser:Verbose: The content browser source was changed by the sources view to '/Game/Character'
[2014.10.24-15.36.13:906][700]LogContentBrowser:Verbose: The content browser source was changed by the sources view to '/Game/Maps'
[2014.10.24-15.36.14:837][795]LogContentBrowser:Verbose: The content browser source was changed by the sources view to '/Game/StarterContent'
[2014.10.24-15.36.18:359][180]LogContentBrowser:Verbose: The content browser source was changed by the sources view to '/Game/StarterContent/HDRI'
[2014.10.24-15.36.29:879][441]LogContentBrowser:Verbose: The content browser source was changed by the sources view to '/Game/StarterContent/Blueprints'
[2014.10.24-15.36.31:539][610]LogContentBrowser:Verbose: The content browser source was changed by the sources view to '/Game/StarterContent/Audio'
[2014.10.24-15.36.32:441][685]LogContentBrowser:Verbose: The content browser source was changed by the sources view to '/Game/StarterContent/Blueprints'
[2014.10.24-15.36.38:044][306]LogContentBrowser:Verbose: The content browser source was changed by the sources view to '/Game/StarterContent/HDRI'
[2014.10.24-15.36.38:706][380]LogContentBrowser:Verbose: The content browser source was changed by the sources view to '/Game/StarterContent/Materials'
[2014.10.24-15.36.40:178][509]LogContentBrowser:Verbose: The content browser source was changed by the sources view to '/Game/StarterContent/Props'
[2014.10.24-15.36.44:450][956]LogContentBrowser:Verbose: The content browser source was changed by the sources view to '/Game/StarterContent/Architecture'
[2014.10.24-15.36.52:869][840]LogActorFactory: Actor Factory created Wall_Door_400x300
[2014.10.24-15.36.54:736][ 13]LogActorFactory: Actor Factory created Wall_Door_400x300
[2014.10.24-15.37.15:126][888]LogEditorViewport: Clicking on Actor (LMB): BP_Sky_Sphere_C (BP_Sky_Shere)
[2014.10.24-15.37.19:716][293]LogEditorViewport: Clicking on Actor (LMB): StaticMeshActor (Wall_Door_400x300)
[2014.10.24-15.37.45:631][930]LogEditorViewport: Clicking on Actor (LMB): StaticMeshActor (Wall_Door_400x300)
[2014.10.24-15.38.09:347][354]LogEditorViewport: Clicking on Actor (LMB): StaticMeshActor (Wall_Door_400x300)
[2014.10.24-15.38.28:152][283]LogContentBrowser:Verbose: The content browser source was changed by the sources view to '/Game/StarterContent/Blueprints'
[2014.10.24-15.38.32:384][691]LogContentBrowser:Verbose: The content browser source was changed by the sources view to '/Game/StarterContent/Blueprints/Assets'
[2014.10.24-15.38.35:231][988]LogContentBrowser:Verbose: The content browser source was changed by the sources view to '/Game/StarterContent/Blueprints'
[2014.10.24-15.38.37:290][199]LogContentBrowser:Verbose: The content browser source was changed by the sources view to '/Game/StarterContent/Architecture'
[2014.10.24-15.38.39:238][364]LogContentBrowser:Verbose: The content browser source was changed by the sources view to '/Game/StarterContent/Audio'
[2014.10.24-15.38.40:329][461]LogContentBrowser:Verbose: The content browser source was changed by the sources view to '/Game/StarterContent'
[2014.10.24-15.38.58:390][368]Cmd: EDIT COPY
[2014.10.24-15.38.58:594][390]Cmd: EDIT PASTE
[2014.10.24-15.39.21:609][882]LogWindowsTextInputMethodSystem:Error: Deactivating a context failed while setting focus to the disabled TSF document manager.
[2014.10.24-15.39.37:856][633]LogWindowsTextInputMethodSystem:Error: Deactivating a context failed while setting focus to the disabled TSF document manager.
[2014.10.24-15.39.48:494][786]LogContentBrowser:Verbose: The content browser source was changed by the sources view to '/Game/StarterContent/Architecture'
[2014.10.24-15.39.56:564][547]LogActorFactory: Actor Factory created Wall_400x200
[2014.10.24-15.39.58:236][718]LogActorFactory: Actor Factory created Wall_400x200
[2014.10.24-15.40.26:642][466]LogEditorViewport: Clicking on Actor (LMB): StaticMeshActor (Wall_400x200)
[2014.10.24-15.40.27:304][532]Cmd: DELETE
[2014.10.24-15.40.27:304][532]Cmd: ACTOR DELETE
[2014.10.24-15.40.27:305][532]LogEditorActor: Deleted Actor: StaticMeshActor
[2014.10.24-15.40.27:306][532]LogActorComponent: UnregisterComponent: (/Engine/Transient.CharacterMovementComponent_0) Not registered. Aborting.
[2014.10.24-15.40.27:323][532]LogEditorActor: Deleted 1 Actors (0.019 secs)
[2014.10.24-15.40.29:940][753]LogActorFactory: Actor Factory created Wall_400x300
[2014.10.24-15.40.30:828][843]LogActorFactory: Actor Factory created Wall_400x300
[2014.10.24-15.41.34:222][ 85]LogWindowsTextInputMethodSystem:Error: Deactivating a context failed while setting focus to the disabled TSF document manager.
[2014.10.24-15.41.34:295][ 91]LogEditorViewport: Clicking on Actor (LMB): StaticMeshActor (Wall_400x300)
[2014.10.24-15.41.36:209][284]LogEditorViewport: Clicking on Actor (LMB): StaticMeshActor (Wall_Door_400x300)
[2014.10.24-15.41.44:184][899]LogWindowsTextInputMethodSystem:Error: Deactivating a context failed while setting focus to the disabled TSF document manager.
[2014.10.24-15.41.48:755][241]LogWindowsTextInputMethodSystem:Error: Deactivating a context failed while setting focus to the disabled TSF document manager.
[2014.10.24-15.41.48:839][248]LogEditorViewport: Clicking on Actor (LMB): StaticMeshActor (Wall_Door_400x300)
[2014.10.24-15.41.52:354][594]LogEditorActor: Deleted Actor: StaticMeshActor
[2014.10.24-15.41.52:371][594]LogEditorActor: Deleted 1 Actors (0.017 secs)
[2014.10.24-15.41.53:645][734]LogEditorViewport: Clicking on Actor (LMB): StaticMeshActor (Wall_400x300)
[2014.10.24-15.41.54:559][827]Cmd: DELETE
[2014.10.24-15.41.54:559][827]Cmd: ACTOR DELETE
[2014.10.24-15.41.54:560][827]LogEditorActor: Deleted Actor: StaticMeshActor
[2014.10.24-15.41.54:576][827]LogEditorActor: Deleted 1 Actors (0.017 secs)
[2014.10.24-15.42.01:131][511]Cmd: EDIT COPY
[2014.10.24-15.42.01:343][532]Cmd: EDIT PASTE
[2014.10.24-15.42.01:356][532]LogUObjectHash:Warning: Ambiguous search, could be Model /Game/Maps/ZackAppartment.ZackAppartment:PersistentLevel.BoxBrush_2.Model_9 or Model /Game/Maps/ZackAppartment.ZackAppartment:PersistentLevel.BoxBrush.Model_9
[2014.10.24-15.42.49:012][501]Cmd: TRANSACTION UNDO
[2014.10.24-15.42.49:012][501]LogEditorTransaction: Undo Edit Y
[2014.10.24-15.42.57:674][396]LogWindowsTextInputMethodSystem:Error: Deactivating a context failed while setting focus to the disabled TSF document manager.
[2014.10.24-15.43.02:223][886]LogEditorViewport: Clicking on Actor (LMB): Brush (Box Brush_3)
[2014.10.24-15.43.06:249][338]Cmd: DELETE
[2014.10.24-15.43.06:249][338]Cmd: ACTOR DELETE
[2014.10.24-15.43.06:249][338]LogEditorActor: Deleted Actor: Brush
[2014.10.24-15.43.06:271][338]LogEditorActor: Deleted 1 Actors (0.022 secs)
[2014.10.24-15.43.10:170][765]Cmd: BRUSH ADD SELECTNEWBRUSH
[2014.10.24-15.43.20:451][886]LogWindowsTextInputMethodSystem:Error: Deactivating a context failed while setting focus to the disabled TSF document manager.
[2014.10.24-15.43.40:413][636]Cmd: OBJ SAVEPACKAGE PACKAGE="/Game/Maps/ZackAppartment" FILE="D:/Unreal Engine Projects/VisualStory/Saved/Autosaves/Game/Maps/ZackAppartment_Auto2.umap" SILENT=true AUTOSAVING=true KEEPDIRTY=false
[2014.10.24-15.43.40:537][636]LogSavePackage: Save=47.431808ms
[2014.10.24-15.43.40:537][636]LogSavePackage: Moving 'D:/Unreal Engine Projects/VisualStory/Saved/ZackAppartment_Auto29710E42F43278C5D4207C1B67F516DE8.tmp' to 'D:/Unreal Engine Projects/VisualStory/Saved/Autosaves/Game/Maps/ZackAppartment_Auto2.umap'
[2014.10.24-15.43.40:542][636]LogFileHelpers: Editor autosave (incl. sublevels) for '/Game/Maps/ZackAppartment' took 0.158
[2014.10.24-15.43.40:542][636]LogFileHelpers: Editor autosave (incl. sublevels) for all levels took 0.158
[2014.10.24-15.43.40:552][636]OBJ SavePackage: Generating thumbnails for [0] asset(s) in package [/Game/UI/MainMenu] ([1] browsable assets)...
[2014.10.24-15.43.40:570][636]OBJ SavePackage: Finished generating thumbnails for package [/Game/UI/MainMenu]
[2014.10.24-15.43.40:573][636]Cmd: OBJ SAVEPACKAGE PACKAGE="/Game/UI/MainMenu" FILE="D:/Unreal Engine Projects/VisualStory/Saved/Autosaves/Game/UI/MainMenu_Auto2.uasset" SILENT=false AUTOSAVING=true
[2014.10.24-15.43.40:638][636]LogSavePackage: Save=29.179674ms
[2014.10.24-15.43.40:638][636]LogSavePackage: Moving 'D:/Unreal Engine Projects/VisualStory/Saved/MainMenu_Auto248C0832840EA918FEBF866AB45378C44.tmp' to 'D:/Unreal Engine Projects/VisualStory/Saved/Autosaves/Game/UI/MainMenu_Auto2.uasset'
[2014.10.24-15.43.40:745][636]OBJ SavePackage: Generating thumbnails for [1] asset(s) in package [/Game/UI/Daily-horror-wallpapers-2013-1] ([1] browsable assets)...
[2014.10.24-15.43.40:761][636]OBJ SavePackage:     Rendered thumbnail for [Texture2D /Game/UI/Daily-horror-wallpapers-2013-1.Daily-horror-wallpapers-2013-1]
[2014.10.24-15.43.40:761][636]OBJ SavePackage: Finished generating thumbnails for package [/Game/UI/Daily-horror-wallpapers-2013-1]
[2014.10.24-15.43.41:119][636]LogSavePackage: Save=331.926697ms
[2014.10.24-15.43.41:119][636]LogSavePackage: Moving 'D:/Unreal Engine Projects/VisualStory/Saved/Daily-horror-wallpapers-2013-1_Auto24132B20D4ECBEBE174EA5B9A73EE8D35.tmp' to 'D:/Unreal Engine Projects/VisualStory/Saved/Autosaves/Game/UI/Daily-horror-wallpapers-2013-1_Auto2.uasset'
[2014.10.24-15.43.41:125][636]LogFileHelpers: Auto-saving content packages took 0.582
[2014.10.24-15.44.03:983][994]LogWindowsTextInputMethodSystem:Error: Deactivating a context failed while setting focus to the disabled TSF document manager.
[2014.10.24-15.44.47:452][694]Cmd: TRANSACTION UNDO
[2014.10.24-15.44.47:452][694]LogEditorTransaction: Undo Edit Y
[2014.10.24-15.44.49:012][818]Cmd: TRANSACTION UNDO
[2014.10.24-15.44.49:012][818]LogEditorTransaction: Undo Edit Y
[2014.10.24-15.44.55:886][551]Cmd: POLY TEXMULT UU=0.707107 VV=0.707107 UV=-0.707107 VU=0.707107
[2014.10.24-15.45.00:421][ 46]LogEditorViewport: Clicking on Actor (LMB): BP_Sky_Sphere_C (BP_Sky_Shere)
[2014.10.24-15.45.54:313][791]Cmd: BRUSH ADD SELECTNEWBRUSH
[2014.10.24-15.47.23:475][282]Cmd: BRUSH ADD SELECTNEWBRUSH
[2014.10.24-15.48.56:949][522]LogActorFactory: Actor Factory created Wall_400x400
[2014.10.24-15.48.57:738][603]LogActorFactory: Actor Factory created Wall_400x400
[2014.10.24-15.49.13:085][ 75]LogWindowsTextInputMethodSystem:Error: Deactivating a context failed while setting focus to the disabled TSF document manager.
[2014.10.24-15.49.22:145][971]LogEditorViewport: Clicking on Actor (LMB): BP_Sky_Sphere_C (BP_Sky_Shere)
[2014.10.24-15.49.23:188][ 76]LogEditorViewport: Clicking on Actor (LMB): StaticMeshActor (Wall_400x400)
[2014.10.24-15.49.38:270][347]LogWindowsTextInputMethodSystem:Error: Deactivating a context failed while setting focus to the disabled TSF document manager.
[2014.10.24-15.49.42:511][656]Cmd: TRANSACTION UNDO
[2014.10.24-15.49.42:511][656]LogEditorTransaction: Undo Set actor scale
[2014.10.24-15.49.42:586][656]LogWindowsTextInputMethodSystem:Error: Deactivating a context failed while setting focus to the disabled TSF document manager.
[2014.10.24-15.49.48:255][ 53]LogWindowsTextInputMethodSystem:Error: Deactivating a context failed while setting focus to the disabled TSF document manager.
[2014.10.24-15.49.51:905][322]LogWindowsTextInputMethodSystem:Error: Deactivating a context failed while setting focus to the disabled TSF document manager.
[2014.10.24-15.49.58:243][887]LogEditorViewport: Clicking on Actor (LMB): BP_Sky_Sphere_C (BP_Sky_Shere)
[2014.10.24-15.50.00:176][ 81]Cmd: DELETE
[2014.10.24-15.50.00:176][ 81]Cmd: ACTOR DELETE
[2014.10.24-15.50.00:177][ 81]LogEditorActor: Deleted Actor: Brush
[2014.10.24-15.50.00:217][ 81]LogEditorActor: Deleted 1 Actors (0.040 secs)
[2014.10.24-15.50.03:383][349]LogActorFactory: Actor Factory created Wall_Door_400x300
[2014.10.24-15.50.08:410][886]LogActorFactory: Actor Factory created Wall_Door_400x300
[2014.10.24-15.50.09:973][ 39]LogEditorViewport: Clicking on Actor (LMB): StaticMeshActor (Wall_Door_400x300)
[2014.10.24-15.50.10:914][132]LogEditorViewport: Clicking on Actor (LMB): StaticMeshActor (Wall_Door_400x300)
[2014.10.24-15.50.15:006][498]Cmd: TRANSACTION UNDO
[2014.10.24-15.50.15:006][498]LogEditorTransaction: Undo Clicking on Actors
[2014.10.24-15.50.15:333][506]Cmd: TRANSACTION UNDO
[2014.10.24-15.50.15:333][506]LogEditorTransaction: Undo Clicking on Actors
[2014.10.24-15.50.21:885][157]LogEditorActor: Deleted Actor: Brush
[2014.10.24-15.50.21:886][157]LogEditorActor: Deleted Actor: Brush
[2014.10.24-15.50.21:886][157]LogEditorActor: Deleted Actor: Brush
[2014.10.24-15.50.21:886][157]LogEditorActor: Deleted Actor: Brush
[2014.10.24-15.50.21:908][157]LogEditorActor: Deleted 4 Actors (0.023 secs)
[2014.10.24-15.50.24:444][416]LogEditorActor: Deleted Actor: StaticMeshActor
[2014.10.24-15.50.24:444][416]LogEditorActor: Deleted Actor: StaticMeshActor
[2014.10.24-15.50.24:463][416]LogEditorActor: Deleted 2 Actors (0.019 secs)
[2014.10.24-15.50.25:916][580]LogEditorViewport: Clicking on Actor (LMB): BP_Sky_Sphere_C (BP_Sky_Shere)
[2014.10.24-15.50.30:909][958]LogActorFactory: Actor Factory created Floor_400x400
[2014.10.24-15.50.32:089][ 78]LogActorFactory: Actor Factory created Floor_400x400
[2014.10.24-15.50.37:635][540]LogActorFactory: Actor Factory created Wall_Door_400x400
[2014.10.24-15.50.42:262][999]LogActorFactory: Actor Factory created Wall_Door_400x400
[2014.10.24-15.50.47:200][452]LogEditorViewport: Clicking on Actor (LMB): StaticMeshActor (Wall_Door_400x400)
[2014.10.24-15.50.55:735][125]LogEditorViewport: Clicking on Actor (LMB): StaticMeshActor (Floor_400x400)
[2014.10.24-15.51.01:336][541]LogWindowsTextInputMethodSystem:Error: Deactivating a context failed while setting focus to the disabled TSF document manager.
[2014.10.24-15.51.04:298][752]LogWindowsTextInputMethodSystem:Error: Deactivating a context failed while setting focus to the disabled TSF document manager.
[2014.10.24-15.51.07:098][977]LogWindowsTextInputMethodSystem:Error: Deactivating a context failed while setting focus to the disabled TSF document manager.
[2014.10.24-15.51.12:790][553]LogEditorViewport: Clicking on Actor (LMB): StaticMeshActor (Wall_Door_400x400)
[2014.10.24-15.51.21:284][200]LogWindowsTextInputMethodSystem:Error: Deactivating a context failed while setting focus to the disabled TSF document manager.
[2014.10.24-15.51.26:388][609]LogWindowsTextInputMethodSystem:Error: Deactivating a context failed while setting focus to the disabled TSF document manager.
[2014.10.24-15.51.29:576][913]LogEditorViewport: Clicking on Actor (LMB): StaticMeshActor (Wall_Door_400x400)
[2014.10.24-15.51.30:822][ 30]LogEditorViewport: Clicking on Actor (LMB): StaticMeshActor (Wall_Door_400x400)
[2014.10.24-15.51.31:472][ 92]Cmd: DELETE
[2014.10.24-15.51.31:472][ 92]Cmd: ACTOR DELETE
[2014.10.24-15.51.31:473][ 92]LogEditorActor: Deleted Actor: StaticMeshActor
[2014.10.24-15.51.31:492][ 92]LogEditorActor: Deleted 1 Actors (0.019 secs)
[2014.10.24-15.51.36:341][606]Cmd: BRUSH ADD SELECTNEWBRUSH
[2014.10.24-15.51.50:919][145]LogWindowsTextInputMethodSystem:Error: Deactivating a context failed while setting focus to the disabled TSF document manager.
[2014.10.24-15.51.53:770][411]LogEditorViewport: Clicking on Actor (context menu): Brush (Box Brush)
[2014.10.24-15.51.54:455][472]LogEditorViewport: Clicking on Actor (LMB): Brush (Box Brush)
[2014.10.24-15.52.14:522][587]LogWindowsTextInputMethodSystem:Error: Deactivating a context failed while setting focus to the disabled TSF document manager.
[2014.10.24-15.52.26:077][794]LogWindowsTextInputMethodSystem:Error: Deactivating a context failed while setting focus to the disabled TSF document manager.
[2014.10.24-15.52.41:293][415]LogWindowsTextInputMethodSystem:Error: Deactivating a context failed while setting focus to the disabled TSF document manager.
[2014.10.24-15.52.44:662][781]LogWindowsTextInputMethodSystem:Error: Deactivating a context failed while setting focus to the disabled TSF document manager.
[2014.10.24-15.52.50:957][370]LogPlayLevel: PIE:  No blueprints needed recompiling
[2014.10.24-15.52.50:957][370]PIE: New page: PIE session: ZackAppartment (24 Oct 2014 17:52:50)
[2014.10.24-15.52.50:959][370]LogPlayLevel: PIE: StaticDuplicateObject took: (0.001895s)
[2014.10.24-15.52.50:960][370]LogPlayLevel: PIE: World Init took: (0.000541s)
[2014.10.24-15.52.50:960][370]LogPlayLevel: PIE: Created PIE world by copying editor world from /Game/Maps/ZackAppartment.ZackAppartment to /Game/Maps/UEDPIE_0_ZackAppartment.ZackAppartment (0.002580s)
[2014.10.24-15.52.50:990][370]LogWorld: Game class is 'MyGame_C'
[2014.10.24-15.52.50:991][370]LogAIModule: Creating AISystem for world ZackAppartment
[2014.10.24-15.52.50:992][370]LogWorld: Bringing World /Game/Maps/UEDPIE_0_ZackAppartment.ZackAppartment up for play (max tick rate 0) at 2014.10.24-16.52.50
[2014.10.24-15.52.50:992][370]LogWorld: Bringing up level for play took: 0.000600
[2014.10.24-15.52.50:994][370]PIE: Info Play in editor start time for /Game/Maps/UEDPIE_0_ZackAppartment -0.128
[2014.10.24-15.52.53:716][677]LogParticles: Destroying 0 GPU particle simulations for FXSystem 0x0000002C2457DA80
[2014.10.24-15.52.58:082][103]LogEditorViewport: Clicking on Actor (LMB): PlayerStart (Player Start)
[2014.10.24-15.53.00:168][323]LogNavigationPoint: PostEditMove Clear paths rebuilt
[2014.10.24-15.53.01:094][415]LogPlayLevel: PIE:  No blueprints needed recompiling
[2014.10.24-15.53.01:094][415]PIE: New page: PIE session: ZackAppartment (24 Oct 2014 17:53:01)
[2014.10.24-15.53.01:096][415]LogPlayLevel: PIE: StaticDuplicateObject took: (0.001825s)
[2014.10.24-15.53.01:097][415]LogPlayLevel: PIE: World Init took: (0.000450s)
[2014.10.24-15.53.01:097][415]LogPlayLevel: PIE: Created PIE world by copying editor world from /Game/Maps/ZackAppartment.ZackAppartment to /Game/Maps/UEDPIE_0_ZackAppartment.ZackAppartment (0.002406s)
[2014.10.24-15.53.01:124][415]LogWorld: Game class is 'MyGame_C'
[2014.10.24-15.53.01:126][415]LogAIModule: Creating AISystem for world ZackAppartment
[2014.10.24-15.53.01:126][415]LogWorld: Bringing World /Game/Maps/UEDPIE_0_ZackAppartment.ZackAppartment up for play (max tick rate 0) at 2014.10.24-16.53.01
[2014.10.24-15.53.01:126][415]LogWorld: Bringing up level for play took: 0.000556
[2014.10.24-15.53.01:128][415]PIE: Info Play in editor start time for /Game/Maps/UEDPIE_0_ZackAppartment 0.007
[2014.10.24-15.53.10:899][572]LogParticles: Destroying 0 GPU particle simulations for FXSystem 0x0000002C2A79C360
[2014.10.24-15.53.22:009][733]LogWindowsTextInputMethodSystem:Error: Deactivating a context failed while setting focus to the disabled TSF document manager.
[2014.10.24-15.53.39:981][475]MapCheck: New page: Map Check
[2014.10.24-15.53.40:020][475]LightingResults: New page: Lighting Build - 24 Oct 2014 17:53:40
[2014.10.24-15.53.43:597][475]LogStaticLightingSystem:Warning: No importance volume found, so the scene bounding box was used.  You can optimize your scene's quality and lighting build times by adding importance volumes.
[2014.10.24-15.53.43:610][475]LogStaticLightingSystem: Running Lightmass w/ ImmediateImport mode ENABLED
[2014.10.24-15.53.43:610][475]LogStaticLightingSystem: Running Lightmass w/ ImmediateProcess mode ENABLED
[2014.10.24-15.53.43:610][475]LogStaticLightingSystem: Running Lightmass w/ Sorting mode ENABLED
[2014.10.24-15.53.43:610][475]LogStaticLightingSystem: Running Lightmass w/ Mapping paddings ENABLED
[2014.10.24-15.53.43:610][475]LogStaticLightingSystem: Running Lightmass w/ Mapping debug paddings DISABLED
[2014.10.24-15.53.43:723][475]LogEditorBuildUtils: Build time 0:00:03
[2014.10.24-15.53.43:729][475]LogMaterial: Missing cached shader map for material FLightmassMaterialRenderer MaterialInstanceDynamic_208, compiling.
[2014.10.24-15.53.43:739][475]LogMaterial: Missing cached shader map for material FLightmassMaterialRenderer MaterialInstanceDynamic_208, compiling.
[2014.10.24-15.53.43:752][476]LogMaterial: Missing cached shader map for material FLightmassMaterialRenderer M_Basic_Floor, compiling.
[2014.10.24-15.53.43:754][476]LogMaterial: Missing cached shader map for material FLightmassMaterialRenderer M_Basic_Floor, compiling.
[2014.10.24-15.53.46:479][556]Job is a success!
[2014.10.24-15.53.46:544][557]LogTexture:Display: Building textures: HQ_Lightmap0_1 (AutoDXT)
[2014.10.24-15.53.46:560][557]LogTexture:Display: Building textures: LQ_Lightmap_0_3 (DXT1)
[2014.10.24-15.53.46:565][557]LogTexture:Display: Building textures: HQ_Lightmap0_3 (AutoDXT)
[2014.10.24-15.53.46:568][557]LogTexture:Display: Building textures: LQ_Lightmap_0_2 (DXT1)
[2014.10.24-15.53.46:572][557]LogTexture:Display: Building textures: HQ_Lightmap0_2 (AutoDXT)
[2014.10.24-15.53.46:578][557]LogTexture:Display: Building textures: LQ_Lightmap_0_1 (DXT1)
[2014.10.24-15.53.46:602][557]LogTexture:Display: Building textures: ShadowMapTexture2D_0 (BGRA8)
[2014.10.24-15.53.46:609][557]LogTexture:Display: Building textures: ShadowMapTexture2D_1 (BGRA8)
[2014.10.24-15.53.46:614][557]LogTexture:Display: Building textures: ShadowMapTexture2D_2 (BGRA8)
[2014.10.24-15.53.46:659][557]Lightmass on ALEXANDRIA: 832 ms total, 119 ms importing, 0 ms setup, 283 ms photons, 387 ms processing, 0 ms extra exporting [8/8 mappings]. Threads: 2.55 sec total, 308 ms processing.
[2014.10.24-15.53.46:685][557]LogStaticLightingSystem:Warning: Illumination: 6.64 sec (82 ms encoding lightmaps)
[2014.10.24-15.53.46:686][557]LogStaticLightingSystem: Lightmap texture memory:  0.1 MB (0.1 MB streaming, 0.0 MB non-streaming), 6 textures
[2014.10.24-15.53.46:686][557]LogStaticLightingSystem: Shadowmap texture memory: 0.0 MB (0.0 MB streaming, 0.0 MB non-streaming), 3 textures
[2014.10.24-15.53.47:656][558]Cmd: MAP CHECK NOTIFYRESULTS
[2014.10.24-15.53.47:656][558]MapCheck: New page: ZackAppartment - 24 Oct 2014 17:53:47
[2014.10.24-15.53.48:010][558]MapCheck: Info Map check complete: 0 Error(s), 0 Warning(s), took 354.484ms to complete.
[2014.10.24-15.53.55:525][580]Cmd: OBJ SAVEPACKAGE PACKAGE="/Game/Maps/ZackAppartment" FILE="D:/Unreal Engine Projects/VisualStory/Saved/Autosaves/Game/Maps/ZackAppartment_Auto3.umap" SILENT=true AUTOSAVING=true KEEPDIRTY=false
[2014.10.24-15.53.55:570][580]LogSavePackage: Save=26.840141ms
[2014.10.24-15.53.55:570][580]LogSavePackage: Moving 'D:/Unreal Engine Projects/VisualStory/Saved/ZackAppartment_Auto392F177AB4009108CC0664BA78F1A7B24.tmp' to 'D:/Unreal Engine Projects/VisualStory/Saved/Autosaves/Game/Maps/ZackAppartment_Auto3.umap'
[2014.10.24-15.53.55:575][580]LogFileHelpers: Editor autosave (incl. sublevels) for '/Game/Maps/ZackAppartment' took 0.076
[2014.10.24-15.53.55:575][580]LogFileHelpers: Editor autosave (incl. sublevels) for all levels took 0.076
[2014.10.24-15.53.55:583][580]OBJ SavePackage: Generating thumbnails for [0] asset(s) in package [/Game/UI/MainMenu] ([1] browsable assets)...
[2014.10.24-15.53.55:589][580]OBJ SavePackage: Finished generating thumbnails for package [/Game/UI/MainMenu]
[2014.10.24-15.53.55:592][580]Cmd: OBJ SAVEPACKAGE PACKAGE="/Game/UI/MainMenu" FILE="D:/Unreal Engine Projects/VisualStory/Saved/Autosaves/Game/UI/MainMenu_Auto3.uasset" SILENT=false AUTOSAVING=true
[2014.10.24-15.53.55:619][580]LogSavePackage: Save=12.825999ms
[2014.10.24-15.53.55:619][580]LogSavePackage: Moving 'D:/Unreal Engine Projects/VisualStory/Saved/MainMenu_Auto3272FD5854ECD802449DE4580C8E9D816.tmp' to 'D:/Unreal Engine Projects/VisualStory/Saved/Autosaves/Game/UI/MainMenu_Auto3.uasset'
[2014.10.24-15.53.55:624][580]LogFileHelpers: Auto-saving content packages took 0.049
[2014.10.24-16.10.36:910][778]Cmd: OBJ SAVEPACKAGE PACKAGE="/Game/Maps/ZackAppartment" FILE="D:/Unreal Engine Projects/VisualStory/Content/Maps/ZackAppartment.umap" SILENT=true AUTOSAVING=false KEEPDIRTY=false
[2014.10.24-16.10.37:005][778]LogSavePackage: Save=31.994112ms
[2014.10.24-16.10.37:005][778]LogSavePackage: Moving 'D:/Unreal Engine Projects/VisualStory/Saved/ZackAppartmentC1BCB5A847C42E5C9ECC849F3B2CF40C.tmp' to 'D:/Unreal Engine Projects/VisualStory/Content/Maps/ZackAppartment.umap'
[2014.10.24-16.10.37:039][778]LogFileHelpers: Saving map 'ZackAppartment' took 0.432
[2014.10.24-16.10.37:047][778]Cmd: OBJ SAVEPACKAGE PACKAGE="/Game/UI/Daily-horror-wallpapers-2013-1" FILE="D:/Unreal Engine Projects/VisualStory/Content/UI/Daily-horror-wallpapers-2013-1.uasset" SILENT=true
[2014.10.24-16.10.37:067][778]LogSavePackage: Save=18.461294ms
[2014.10.24-16.10.37:067][778]LogSavePackage: Moving 'D:/Unreal Engine Projects/VisualStory/Saved/Daily-horror-wallpapers-2013-15324B7D6436D433AB3D769B6516921F1.tmp' to 'D:/Unreal Engine Projects/VisualStory/Content/UI/Daily-horror-wallpapers-2013-1.uasset'
[2014.10.24-16.10.37:073][778]Cmd: OBJ SAVEPACKAGE PACKAGE="/Game/UI/MainMenu" FILE="D:/Unreal Engine Projects/VisualStory/Content/UI/MainMenu.uasset" SILENT=true
[2014.10.24-16.10.37:088][778]LogSavePackage: Save=11.143112ms
[2014.10.24-16.10.37:088][778]LogSavePackage: Moving 'D:/Unreal Engine Projects/VisualStory/Saved/MainMenu03B2C54143B9F55A050708860127BDBC.tmp' to 'D:/Unreal Engine Projects/VisualStory/Content/UI/MainMenu.uasset'
[2014.10.24-16.10.37:093][778]Cmd: OBJ SAVEPACKAGE PACKAGE="/Game/UI/Options" FILE="D:/Unreal Engine Projects/VisualStory/Content/UI/Options.uasset" SILENT=true
[2014.10.24-16.10.37:100][778]LogSavePackage: Save=6.247890ms
[2014.10.24-16.10.37:100][778]LogSavePackage: Moving 'D:/Unreal Engine Projects/VisualStory/Saved/OptionsC5D50BC1470990744AE305A748D78871.tmp' to 'D:/Unreal Engine Projects/VisualStory/Content/UI/Options.uasset'
[2014.10.24-16.10.37:719][779]Cmd: QUIT_EDITOR
[2014.10.24-16.10.38:066][779]LogExit: Preparing to exit.
[2014.10.24-16.10.39:413][779]LogExit: Editor shut down
[2014.10.24-16.10.39:414][779]LogExit: Transaction tracking system shut down
[2014.10.24-16.10.39:436][779]LogParticles: Destroying 0 GPU particle simulations for FXSystem 0x0000002C249EC900
[2014.10.24-16.10.39:753][779]LogParticles: Destroying 0 GPU particle simulations for FXSystem 0x0000002C249ED580
[2014.10.24-16.10.39:753][779]LogParticles: Destroying 0 GPU particle simulations for FXSystem 0x0000002C26870680
[2014.10.24-16.10.39:753][779]LogParticles: Destroying 0 GPU particle simulations for FXSystem 0x0000002C22935260
[2014.10.24-16.10.39:753][779]LogParticles: Destroying 0 GPU particle simulations for FXSystem 0x0000002C39361DA0
[2014.10.24-16.10.39:753][779]LogParticles: Destroying 0 GPU particle simulations for FXSystem 0x0000002C1E4E8900
[2014.10.24-16.10.39:753][779]LogParticles: Destroying 0 GPU particle simulations for FXSystem 0x0000002C3053BE20
[2014.10.24-16.10.39:753][779]LogParticles: Destroying 0 GPU particle simulations for FXSystem 0x0000002C39363100
[2014.10.24-16.10.39:754][779]LogExit: Object subsystem successfully closed.
[2014.10.24-16.10.39:971][779]LogModuleManager: Shutting down and abandoning module DistCurveEditor (170)
[2014.10.24-16.10.39:971][779]LogModuleManager: Shutting down and abandoning module Matinee (169)
[2014.10.24-16.10.39:971][779]LogModuleManager: Shutting down and abandoning module NewLevelDialog (168)
[2014.10.24-16.10.39:971][779]LogModuleManager: Shutting down and abandoning module SequencerWidgets (167)
[2014.10.24-16.10.39:971][779]LogModuleManager: Shutting down and abandoning module AndroidDeviceDetection (166)
[2014.10.24-16.10.39:972][779]LogModuleManager: Shutting down and abandoning module CrashTracker (165)
[2014.10.24-16.10.39:972][779]LogModuleManager: Shutting down and abandoning module SuperSearch (164)
[2014.10.24-16.10.39:972][779]LogModuleManager: Shutting down and abandoning module SceneOutliner (163)
[2014.10.24-16.10.39:972][779]LogModuleManager: Shutting down and abandoning module EditorWidgets (162)
[2014.10.24-16.10.39:972][779]LogModuleManager: Shutting down and abandoning module CollectionManager (161)
[2014.10.24-16.10.39:973][779]LogModuleManager: Shutting down and abandoning module StatsViewer (160)
[2014.10.24-16.10.39:974][779]LogModuleManager: Shutting down and abandoning module FoliageEdit (159)
[2014.10.24-16.10.39:975][779]LogModuleManager: Shutting down and abandoning module LandscapeEditor (158)
[2014.10.24-16.10.39:978][779]LogModuleManager: Shutting down and abandoning module MeshPaint (157)
[2014.10.24-16.10.39:978][779]LogModuleManager: Shutting down and abandoning module ActorPickerMode (156)
[2014.10.24-16.10.39:978][779]LogModuleManager: Shutting down and abandoning module GeometryMode (155)
[2014.10.24-16.10.39:978][779]LogModuleManager: Shutting down and abandoning module TextureAlignMode (154)
[2014.10.24-16.10.39:978][779]LogModuleManager: Shutting down and abandoning module BspMode (153)
[2014.10.24-16.10.39:978][779]LogModuleManager: Shutting down and abandoning module PlacementMode (152)
[2014.10.24-16.10.39:978][779]LogModuleManager: Shutting down and abandoning module AutomationWorker (151)
[2014.10.24-16.10.39:979][779]LogModuleManager: Shutting down and abandoning module CharacterAI (150)
[2014.10.24-16.10.39:979][779]LogModuleManager: Shutting down and abandoning module GameProjectGeneration (149)
[2014.10.24-16.10.39:980][779]LogModuleManager: Shutting down and abandoning module IntroTutorials (148)
[2014.10.24-16.10.39:984][779]LogModuleManager: Shutting down and abandoning module EditorLiveStreaming (147)
[2014.10.24-16.10.39:984][779]LogModuleManager: Shutting down and abandoning module HardwareTargeting (146)
[2014.10.24-16.10.39:984][779]LogModuleManager: Shutting down and abandoning module BehaviorTreeEditor (145)
[2014.10.24-16.10.39:985][779]LogModuleManager: Shutting down and abandoning module DeviceProfileEditor (144)
[2014.10.24-16.10.39:986][779]LogModuleManager: Shutting down and abandoning module UndoHistory (143)
[2014.10.24-16.10.39:987][779]LogModuleManager: Shutting down and abandoning module GameplayTagsEditor (142)
[2014.10.24-16.10.39:988][779]LogModuleManager: Shutting down and abandoning module UserFeedback (141)
[2014.10.24-16.10.39:988][779]LogModuleManager: Shutting down and abandoning module XmlParser (140)
[2014.10.24-16.10.39:988][779]LogModuleManager: Shutting down and abandoning module Blutility (139)
[2014.10.24-16.10.39:989][779]LogModuleManager: Shutting down and abandoning module IOSPlatformEditor (138)
[2014.10.24-16.10.39:989][779]LogModuleManager: Shutting down and abandoning module IOSRuntimeSettings (137)
[2014.10.24-16.10.39:989][779]LogModuleManager: Shutting down and abandoning module AndroidPlatformEditor (136)
[2014.10.24-16.10.39:990][779]LogModuleManager: Shutting down and abandoning module AndroidRuntimeSettings (135)
[2014.10.24-16.10.39:990][779]LogModuleManager: Shutting down and abandoning module ProjectTargetPlatformEditor (134)
[2014.10.24-16.10.39:991][779]LogModuleManager: Shutting down and abandoning module ProjectSettingsViewer (133)
[2014.10.24-16.10.39:992][779]LogModuleManager: Shutting down and abandoning module InputBindingEditor (132)
[2014.10.24-16.10.39:994][779]LogModuleManager: Shutting down and abandoning module EditorSettingsViewer (131)
[2014.10.24-16.10.39:995][779]LogModuleManager: Shutting down and abandoning module SettingsEditor (130)
[2014.10.24-16.10.39:996][779]LogModuleManager: Shutting down and abandoning module ProjectLauncher (129)
[2014.10.24-16.10.39:996][779]LogModuleManager: Shutting down and abandoning module SessionFrontend (128)
[2014.10.24-16.10.39:997][779]LogModuleManager: Shutting down and abandoning module ProfilerClient (127)
[2014.10.24-16.10.39:998][779]LogModuleManager: Shutting down and abandoning module TargetDeviceServices (126)
[2014.10.24-16.10.39:998][779]LogModuleManager: Shutting down and abandoning module DeviceManager (125)
[2014.10.24-16.10.39:999][779]LogModuleManager: Shutting down and abandoning module AutomationController (124)
[2014.10.24-16.10.40:000][779]LogModuleManager: Shutting down and abandoning module AutomationWindow (123)
[2014.10.24-16.10.40:001][779]LogModuleManager: Shutting down and abandoning module Layers (122)
[2014.10.24-16.10.40:004][779]LogModuleManager: Shutting down and abandoning module ComponentVisualizers (121)
[2014.10.24-16.10.40:004][779]LogModuleManager: Shutting down and abandoning module DetailCustomizations (120)
[2014.10.24-16.10.40:004][779]LogModuleManager: Shutting down and abandoning module PackagesDialog (119)
[2014.10.24-16.10.40:004][779]LogModuleManager: Shutting down and abandoning module AssetRegistry (118)
[2014.10.24-16.10.40:090][779]LogModuleManager: Shutting down and abandoning module Persona (117)
[2014.10.24-16.10.40:095][779]LogModuleManager: Shutting down and abandoning module Kismet (116)
[2014.10.24-16.10.40:096][779]LogModuleManager: Shutting down and abandoning module GraphEditor (115)
[2014.10.24-16.10.40:097][779]LogModuleManager: Shutting down and abandoning module ClassViewer (114)
[2014.10.24-16.10.40:097][779]LogModuleManager: Shutting down and abandoning module Toolbox (113)
[2014.10.24-16.10.40:097][779]LogModuleManager: Shutting down and abandoning module ModuleUI (112)
[2014.10.24-16.10.40:098][779]LogModuleManager: Shutting down and abandoning module MovieSceneTools (111)
[2014.10.24-16.10.40:099][779]LogModuleManager: Shutting down and abandoning module OutputLog (110)
[2014.10.24-16.10.40:100][779]LogModuleManager: Shutting down and abandoning module GammaUI (109)
[2014.10.24-16.10.40:101][779]LogModuleManager: Shutting down and abandoning module Documentation (108)
[2014.10.24-16.10.40:102][779]LogModuleManager: Shutting down and abandoning module GameLiveStreaming (107)
[2014.10.24-16.10.40:102][779]LogModuleManager: Shutting down and abandoning module StreamingPauseRendering (106)
[2014.10.24-16.10.40:103][779]LogModuleManager: Shutting down and abandoning module HTTP (105)
[2014.10.24-16.10.40:103][779]LogModuleManager: Shutting down and abandoning module AnalyticsET (104)
[2014.10.24-16.10.40:103][779]LogModuleManager: Shutting down and abandoning module Analytics (103)
[2014.10.24-16.10.40:103][779]LogModuleManager: Shutting down and abandoning module GameplayDebugger (102)
[2014.10.24-16.10.40:104][779]LogModuleManager: Shutting down and abandoning module AIModule (101)
[2014.10.24-16.10.40:104][779]LogModuleManager: Shutting down and abandoning module ProfilerService (100)
[2014.10.24-16.10.40:209][779]LogModuleManager: Shutting down and abandoning module TaskGraph (99)
[2014.10.24-16.10.40:210][779]LogModuleManager: Shutting down and abandoning module SlateRemote (98)
[2014.10.24-16.10.40:210][779]LogModuleManager: Shutting down and abandoning module ScriptEditorPlugin (97)
[2014.10.24-16.10.40:210][779]LogModuleManager: Shutting down and abandoning module CustomMeshComponent (96)
[2014.10.24-16.10.40:210][779]LogModuleManager: Shutting down and abandoning module CableComponent (95)
[2014.10.24-16.10.40:210][779]LogModuleManager: Shutting down and abandoning module MessagingDebugger (94)
[2014.10.24-16.10.40:213][779]LogModuleManager: Shutting down and abandoning module MediaPlayerEditor (93)
[2014.10.24-16.10.40:214][779]LogModuleManager: Shutting down and abandoning module SpeedTreeImporter (92)
[2014.10.24-16.10.40:214][779]LogModuleManager: Shutting down and abandoning module PluginsEditor (91)
[2014.10.24-16.10.40:215][779]LogModuleManager: Shutting down and abandoning module EpicSurvey (90)
[2014.10.24-16.10.40:218][779]LogModuleManager: Shutting down and abandoning module DesktopPlatform (89)
[2014.10.24-16.10.40:219][779]LogModuleManager: Shutting down and abandoning module VisualStudioSourceCodeAccess (88)
[2014.10.24-16.10.40:219][779]LogModuleManager: Shutting down and abandoning module UObjectPlugin (87)
[2014.10.24-16.10.40:219][779]LogModuleManager: Shutting down and abandoning module SubversionSourceControl (86)
[2014.10.24-16.10.40:220][779]LogModuleManager: Shutting down and abandoning module SourceControl (85)
[2014.10.24-16.10.40:220][779]LogModuleManager: Shutting down and abandoning module PerforceSourceControl (84)
[2014.10.24-16.10.40:221][779]LogModuleManager: Shutting down and abandoning module BlankPlugin (83)
[2014.10.24-16.10.40:221][779]LogModuleManager: Shutting down and abandoning module SlateReflector (82)
[2014.10.24-16.10.40:222][779]LogModuleManager: Shutting down and abandoning module DirectoryWatcher (81)
[2014.10.24-16.10.40:227][779]LogModuleManager: Shutting down and abandoning module HotReload (80)
[2014.10.24-16.10.40:228][779]LogModuleManager: Shutting down and abandoning module MainFrame (79)
[2014.10.24-16.10.40:228][779]LogModuleManager: Shutting down and abandoning module LevelEditor (78)
[2014.10.24-16.10.40:232][779]LogModuleManager: Shutting down and abandoning module ViewportSnapping (77)
[2014.10.24-16.10.40:232][779]LogModuleManager: Shutting down and abandoning module SmartSnapping (76)
[2014.10.24-16.10.40:232][779]LogModuleManager: Shutting down and abandoning module PaperTiledImporter (75)
[2014.10.24-16.10.40:232][779]LogModuleManager: Shutting down and abandoning module PaperJsonImporter (74)
[2014.10.24-16.10.40:232][779]LogModuleManager: Shutting down and abandoning module ContentBrowser (73)
[2014.10.24-16.10.40:232][779]LogModuleManager: Shutting down and abandoning module PropertyEditor (72)
[2014.10.24-16.10.40:234][779]LogModuleManager: Shutting down and abandoning module Paper2DEditor (71)
[2014.10.24-16.10.40:236][779]LogModuleManager: Shutting down and abandoning module ScriptPlugin (70)
[2014.10.24-16.10.40:236][779]LogModuleManager: Shutting down and abandoning module UdpMessaging (69)
[2014.10.24-16.10.40:337][779]LogModuleManager: Shutting down and abandoning module Paper2D (68)
[2014.10.24-16.10.40:337][779]LogModuleManager: Shutting down and abandoning module WindowsMoviePlayer (67)
[2014.10.24-16.10.40:345][779]LogModuleManager: Shutting down and abandoning module Media (66)
[2014.10.24-16.10.40:345][779]LogModuleManager: Shutting down and abandoning module WmfMedia (65)
[2014.10.24-16.10.40:346][779]LogModuleManager: Shutting down and abandoning module OnlineBlueprintSupport (64)
[2014.10.24-16.10.40:346][779]LogModuleManager: Shutting down and abandoning module FunctionalTesting (63)
[2014.10.24-16.10.40:346][779]LogModuleManager: Shutting down and abandoning module CollisionAnalyzer (62)
[2014.10.24-16.10.40:347][779]LogModuleManager: Shutting down and abandoning module WorkspaceMenuStructure (61)
[2014.10.24-16.10.40:350][779]LogModuleManager: Shutting down and abandoning module MessageLog (60)
[2014.10.24-16.10.40:350][779]LogModuleManager: Shutting down and abandoning module Sequencer (59)
[2014.10.24-16.10.40:350][779]LogModuleManager: Shutting down and abandoning module AssetTools (58)
[2014.10.24-16.10.40:352][779]LogModuleManager: Shutting down and abandoning module UMGEditor (57)
[2014.10.24-16.10.40:352][779]LogModuleManager: Shutting down and abandoning module UMG (56)
[2014.10.24-16.10.40:352][779]LogModuleManager: Shutting down and abandoning module Slate (55)
[2014.10.24-16.10.40:352][779]LogModuleManager: Shutting down and abandoning module EditorStyle (54)
[2014.10.24-16.10.40:357][779]LogModuleManager: Shutting down and abandoning module SessionServices (53)
[2014.10.24-16.10.40:357][779]LogModuleManager: Shutting down and abandoning module SourceCodeAccess (52)
[2014.10.24-16.10.40:358][779]LogModuleManager: Shutting down and abandoning module HeadMountedDisplay (51)
[2014.10.24-16.10.40:358][779]LogModuleManager: Shutting down and abandoning module XAudio2 (50)
[2014.10.24-16.10.40:358][779]LogModuleManager: Shutting down and abandoning module Networking (48)
[2014.10.24-16.10.40:358][779]LogModuleManager: Shutting down and abandoning module Core (47)
[2014.10.24-16.10.40:358][779]LogModuleManager: Shutting down and abandoning module KismetCompiler (46)
[2014.10.24-16.10.40:358][779]LogModuleManager: Shutting down and abandoning module PhysXFormats (45)
[2014.10.24-16.10.40:358][779]LogModuleManager: Shutting down and abandoning module MeshUtilities (44)
[2014.10.24-16.10.40:359][779]LogModuleManager: Shutting down and abandoning module DerivedDataCache (43)
[2014.10.24-16.10.40:380][779]LogDerivedDataCache: Shutdown
[2014.10.24-16.10.40:380][779]LogModuleManager: Shutting down and abandoning module ShaderFormatOpenGL (42)
[2014.10.24-16.10.40:381][779]LogModuleManager: Shutting down and abandoning module ShaderFormatD3D (41)
[2014.10.24-16.10.40:381][779]LogModuleManager: Shutting down and abandoning module MetalShaderFormat (40)
[2014.10.24-16.10.40:382][779]LogModuleManager: Shutting down and abandoning module TextureFormatUncompressed (39)
[2014.10.24-16.10.40:382][779]LogModuleManager: Shutting down and abandoning module TextureFormatPVR (38)
[2014.10.24-16.10.40:382][779]LogModuleManager: Shutting down and abandoning module TextureFormatDXT (37)
[2014.10.24-16.10.40:382][779]LogModuleManager: Shutting down and abandoning module TextureFormatAndroid (36)
[2014.10.24-16.10.40:383][779]LogModuleManager: Shutting down and abandoning module AudioFormatOpus (35)
[2014.10.24-16.10.40:383][779]LogModuleManager: Shutting down and abandoning module AudioFormatOgg (34)
[2014.10.24-16.10.40:383][779]LogModuleManager: Shutting down and abandoning module AudioFormatADPCM (33)
[2014.10.24-16.10.40:383][779]LogModuleManager: Shutting down and abandoning module Messaging (32)
[2014.10.24-16.10.40:383][779]LogModuleManager: Shutting down and abandoning module IOSTargetPlatform (31)
[2014.10.24-16.10.40:383][779]LogModuleManager: Shutting down and abandoning module Android_PVRTCTargetPlatform (30)
[2014.10.24-16.10.40:384][779]LogModuleManager: Shutting down and abandoning module Android_ETC2TargetPlatform (29)
[2014.10.24-16.10.40:384][779]LogModuleManager: Shutting down and abandoning module Android_ETC1TargetPlatform (28)
[2014.10.24-16.10.40:384][779]LogModuleManager: Shutting down and abandoning module Android_DXTTargetPlatform (27)
[2014.10.24-16.10.40:384][779]LogModuleManager: Shutting down and abandoning module Android_ATCTargetPlatform (26)
[2014.10.24-16.10.40:384][779]LogModuleManager: Shutting down and abandoning module AndroidTargetPlatform (25)
[2014.10.24-16.10.40:385][779]LogModuleManager: Shutting down and abandoning module WindowsTargetPlatform (24)
[2014.10.24-16.10.40:386][779]LogModuleManager: Shutting down and abandoning module WindowsServerTargetPlatform (23)
[2014.10.24-16.10.40:387][779]LogModuleManager: Shutting down and abandoning module WindowsNoEditorTargetPlatform (22)
[2014.10.24-16.10.40:387][779]LogModuleManager: Shutting down and abandoning module WindowsClientTargetPlatform (21)
[2014.10.24-16.10.40:387][779]LogModuleManager: Shutting down and abandoning module TargetPlatform (20)
[2014.10.24-16.10.40:388][779]LogModuleManager: Shutting down and abandoning module InputCore (19)
[2014.10.24-16.10.40:388][779]LogModuleManager: Shutting down and abandoning module Settings (18)
[2014.10.24-16.10.40:389][779]LogModuleManager: Shutting down and abandoning module ImageWrapper (17)
[2014.10.24-16.10.40:389][779]LogModuleManager: Shutting down and abandoning module OculusRift (14)
[2014.10.24-16.10.40:390][779]LogModuleManager: Shutting down and abandoning module ExampleDeviceProfileSelector (13)
[2014.10.24-16.10.40:390][779]LogModuleManager: Shutting down and abandoning module TextureCompressor (12)
[2014.10.24-16.10.40:390][779]LogModuleManager: Shutting down and abandoning module ShaderCore (11)
[2014.10.24-16.10.40:390][779]LogModuleManager: Shutting down and abandoning module SlateRHIRenderer (10)
[2014.10.24-16.10.40:409][779]LogModuleManager: Shutting down and abandoning module OpenGLDrv (9)
[2014.10.24-16.10.40:409][779]LogModuleManager: Shutting down and abandoning module D3D11RHI (8)
[2014.10.24-16.10.40:409][779]LogModuleManager: Shutting down and abandoning module Renderer (7)
[2014.10.24-16.10.40:409][779]LogModuleManager: Shutting down and abandoning module Engine (6)
[2014.10.24-16.10.40:409][779]LogModuleManager: Shutting down and abandoning module CoreUObject (5)
[2014.10.24-16.10.40:410][779]LogModuleManager: Shutting down and abandoning module NetworkFile (4)
[2014.10.24-16.10.40:410][779]LogModuleManager: Shutting down and abandoning module StreamingFile (3)
[2014.10.24-16.10.40:410][779]LogModuleManager: Shutting down and abandoning module SandboxFile (2)
[2014.10.24-16.10.40:410][779]LogModuleManager: Shutting down and abandoning module PakFile (1)
[2014.10.24-16.10.40:414][779]LogExit: Exiting.
[2014.10.24-16.10.40:447][779]Log file closed, 10/24/14 17:10:40
